[2026-04-15 00:48:29,228] 1025 httpx - INFO - HTTP Request: GET https://dagshub.com/api/v1/user "HTTP/1.1 200 OK"
[2026-04-15 00:48:29,238] 107 dagshub - INFO - Accessing as foued-firas
[2026-04-15 00:48:29,864] 1025 httpx - INFO - HTTP Request: GET https://dagshub.com/api/v1/repos/foued-firas/-Network-Security-System "HTTP/1.1 200 OK"
[2026-04-15 00:48:30,403] 1025 httpx - INFO - HTTP Request: GET https://dagshub.com/api/v1/user "HTTP/1.1 200 OK"
[2026-04-15 00:48:30,404] 107 dagshub - INFO - Initialized MLflow to track repo "foued-firas/-Network-Security-System"
[2026-04-15 00:48:30,405] 107 dagshub - INFO - Repository foued-firas/-Network-Security-System initialized!
[2026-04-15 00:48:30,405] 20 root - INFO - Initiate the data ingestion
[2026-04-15 00:48:36,703] 68 root - INFO - Performed train test split on the dataframe
[2026-04-15 00:48:36,703] 70 root - INFO - Exited split_data_as_train_test method of Data_Ingestion class
[2026-04-15 00:48:36,704] 78 root - INFO - Exporting train and test file path.
[2026-04-15 00:48:36,747] 87 root - INFO - Exported train and test file path.
[2026-04-15 00:48:36,747] 22 root - INFO - Data Initiation Completed
[2026-04-15 00:48:36,754] 26 root - INFO - Initiate the data Validation
[2026-04-15 00:48:36,800] 34 root - INFO - Required number of columns: 31
[2026-04-15 00:48:36,801] 35 root - INFO - Data frame has columns: 31
[2026-04-15 00:48:36,801] 110 root - INFO - Train dataset validation passed
[2026-04-15 00:48:36,801] 34 root - INFO - Required number of columns: 31
[2026-04-15 00:48:36,801] 35 root - INFO - Data frame has columns: 31
[2026-04-15 00:48:36,802] 117 root - INFO - Test dataset validation passed
[2026-04-15 00:48:36,917] 28 root - INFO - data Validation Completed
[2026-04-15 00:48:36,918] 31 root - INFO - data Transformation started
[2026-04-15 00:48:36,918] 65 root - INFO - Entered initiate_data_transformation method of DataTransformation class
[2026-04-15 00:48:36,918] 67 root - INFO - Starting data transformation
[2026-04-15 00:48:36,937] 50 root - INFO - Entered get_data_trnasformer_object method of Trnasformation class
[2026-04-15 00:48:36,937] 55 root - INFO - Initialise KNNImputer with {'missing_values': nan, 'n_neighbors': 3, 'weights': 'uniform'}
[2026-04-15 00:48:36,945] 45 root - INFO - Entered the save_object method of MainUtils class
[2026-04-15 00:48:36,948] 49 root - INFO - Exited the save_object method of MainUtils class
[2026-04-15 00:48:36,948] 45 root - INFO - Entered the save_object method of MainUtils class
[2026-04-15 00:48:36,950] 49 root - INFO - Exited the save_object method of MainUtils class
[2026-04-15 00:48:36,951] 35 root - INFO - data Transformation completed
[2026-04-15 00:48:36,952] 37 root - INFO - Model Training sstared
[2026-04-15 00:52:19,087] 45 root - INFO - Entered the save_object method of MainUtils class
[2026-04-15 00:52:19,126] 49 root - INFO - Exited the save_object method of MainUtils class
[2026-04-15 00:52:19,126] 45 root - INFO - Entered the save_object method of MainUtils class
[2026-04-15 00:52:19,306] 49 root - INFO - Exited the save_object method of MainUtils class
[2026-04-15 00:52:19,306] 122 root - INFO - Model trainer artifact: ModelTrainerArtifact(trained_model_file_path='artifacts\\04_15_2026_00_48_25\\model_trainer\\trained_model\\model.pkl', train_metric_artifact=ClassificationMetricArtifact(f1_score=0.9912867274569402, precision_score=0.9894822006472492, recall_score=0.9930978481526593), test_metric_artifact=ClassificationMetricArtifact(f1_score=0.9746070133010882, precision_score=0.9672, recall_score=0.9821283509341998))
[2026-04-15 00:52:19,310] 42 root - INFO - Model Training artifact created
