[2026-04-17 02:05:36,963] 1025 httpx - INFO - HTTP Request: GET https://dagshub.com/api/v1/user "HTTP/1.1 200 OK"
[2026-04-17 02:05:36,971] 107 dagshub - INFO - Accessing as foued-firas
[2026-04-17 02:05:37,642] 1025 httpx - INFO - HTTP Request: GET https://dagshub.com/api/v1/repos/foued-firas/-Network-Security-System "HTTP/1.1 200 OK"
[2026-04-17 02:05:38,300] 1025 httpx - INFO - HTTP Request: GET https://dagshub.com/api/v1/user "HTTP/1.1 200 OK"
[2026-04-17 02:05:38,302] 107 dagshub - INFO - Initialized MLflow to track repo "foued-firas/-Network-Security-System"
[2026-04-17 02:05:38,302] 107 dagshub - INFO - Repository foued-firas/-Network-Security-System initialized!
[2026-04-17 02:05:38,646] 1025 httpx - INFO - HTTP Request: HEAD https://huggingface.co/Fyiras/network-security-model/resolve/main/latest.json "HTTP/1.1 307 Temporary Redirect"
[2026-04-17 02:05:38,878] 1025 httpx - INFO - HTTP Request: HEAD https://huggingface.co/api/resolve-cache/models/Fyiras/network-security-model/f26a706da04319f296f3768d4d38666e258e2dec/latest.json "HTTP/1.1 200 OK"
[2026-04-17 02:05:39,054] 1025 httpx - INFO - HTTP Request: HEAD https://huggingface.co/Fyiras/network-security-model/resolve/main/model_20260417_020304.pkl "HTTP/1.1 302 Found"
[2026-04-17 02:05:39,235] 1025 httpx - INFO - HTTP Request: HEAD https://huggingface.co/Fyiras/network-security-model/resolve/main/preprocessor_20260417_020304.pkl "HTTP/1.1 302 Found"
[2026-04-17 02:06:09,732] 1025 httpx - INFO - HTTP Request: HEAD https://huggingface.co/Fyiras/network-security-model/resolve/main/latest.json "HTTP/1.1 307 Temporary Redirect"
[2026-04-17 02:06:09,783] 1025 httpx - INFO - HTTP Request: HEAD https://huggingface.co/api/resolve-cache/models/Fyiras/network-security-model/f26a706da04319f296f3768d4d38666e258e2dec/latest.json "HTTP/1.1 200 OK"
[2026-04-17 02:06:40,646] 1025 httpx - INFO - HTTP Request: HEAD https://huggingface.co/Fyiras/network-security-model/resolve/main/latest.json "HTTP/1.1 307 Temporary Redirect"
[2026-04-17 02:06:40,846] 1025 httpx - INFO - HTTP Request: HEAD https://huggingface.co/api/resolve-cache/models/Fyiras/network-security-model/f26a706da04319f296f3768d4d38666e258e2dec/latest.json "HTTP/1.1 200 OK"
[2026-04-17 02:07:11,675] 1025 httpx - INFO - HTTP Request: HEAD https://huggingface.co/Fyiras/network-security-model/resolve/main/latest.json "HTTP/1.1 307 Temporary Redirect"
[2026-04-17 02:07:11,737] 1025 httpx - INFO - HTTP Request: HEAD https://huggingface.co/api/resolve-cache/models/Fyiras/network-security-model/f26a706da04319f296f3768d4d38666e258e2dec/latest.json "HTTP/1.1 200 OK"
[2026-04-17 02:07:32,943] 1025 httpx - INFO - HTTP Request: GET https://huggingface.co/api/models/Fyiras/network-security-model/tree/main?recursive=true&expand=false "HTTP/1.1 200 OK"
[2026-04-17 02:07:33,113] 1025 httpx - INFO - HTTP Request: GET https://huggingface.co/api/models/Fyiras/network-security-model/tree/main?recursive=true&expand=false "HTTP/1.1 200 OK"
[2026-04-17 02:07:33,378] 1025 httpx - INFO - HTTP Request: GET https://huggingface.co/api/models/Fyiras/network-security-model/tree/main?recursive=true&expand=false "HTTP/1.1 200 OK"
[2026-04-17 02:07:33,488] 1025 httpx - INFO - HTTP Request: GET https://huggingface.co/api/models/Fyiras/network-security-model/tree/main?recursive=true&expand=false "HTTP/1.1 200 OK"
[2026-04-17 02:07:33,552] 1025 httpx - INFO - HTTP Request: GET https://huggingface.co/api/models/Fyiras/network-security-model/tree/main?recursive=true&expand=false "HTTP/1.1 200 OK"
[2026-04-17 02:07:33,653] 1025 httpx - INFO - HTTP Request: HEAD https://huggingface.co/Fyiras/network-security-model/resolve/main/metadata_20260417_020304.json "HTTP/1.1 307 Temporary Redirect"
[2026-04-17 02:07:33,819] 1025 httpx - INFO - HTTP Request: HEAD https://huggingface.co/api/resolve-cache/models/Fyiras/network-security-model/f26a706da04319f296f3768d4d38666e258e2dec/metadata_20260417_020304.json "HTTP/1.1 200 OK"
[2026-04-17 02:07:34,647] 1025 httpx - INFO - HTTP Request: GET https://huggingface.co/api/resolve-cache/models/Fyiras/network-security-model/f26a706da04319f296f3768d4d38666e258e2dec/metadata_20260417_020304.json "HTTP/1.1 200 OK"
[2026-04-17 02:07:34,820] 1025 httpx - INFO - HTTP Request: HEAD https://huggingface.co/Fyiras/network-security-model/resolve/main/metadata_20260417_012327.json "HTTP/1.1 307 Temporary Redirect"
[2026-04-17 02:07:34,987] 1025 httpx - INFO - HTTP Request: HEAD https://huggingface.co/api/resolve-cache/models/Fyiras/network-security-model/f26a706da04319f296f3768d4d38666e258e2dec/metadata_20260417_012327.json "HTTP/1.1 200 OK"
[2026-04-17 02:07:35,176] 1025 httpx - INFO - HTTP Request: HEAD https://huggingface.co/Fyiras/network-security-model/resolve/main/metadata_20260416_235233.json "HTTP/1.1 307 Temporary Redirect"
[2026-04-17 02:07:35,343] 1025 httpx - INFO - HTTP Request: HEAD https://huggingface.co/api/resolve-cache/models/Fyiras/network-security-model/f26a706da04319f296f3768d4d38666e258e2dec/metadata_20260416_235233.json "HTTP/1.1 200 OK"
[2026-04-17 02:07:35,519] 1025 httpx - INFO - HTTP Request: HEAD https://huggingface.co/Fyiras/network-security-model/resolve/main/metadata_20260416_175635.json "HTTP/1.1 404 Not Found"
[2026-04-17 02:07:35,754] 1025 httpx - INFO - HTTP Request: HEAD https://huggingface.co/Fyiras/network-security-model/resolve/main/metadata_20260416_172643.json "HTTP/1.1 404 Not Found"
[2026-04-17 02:07:35,933] 1025 httpx - INFO - HTTP Request: HEAD https://huggingface.co/Fyiras/network-security-model/resolve/main/metadata_20260416_171656.json "HTTP/1.1 404 Not Found"
[2026-04-17 02:07:36,111] 1025 httpx - INFO - HTTP Request: HEAD https://huggingface.co/Fyiras/network-security-model/resolve/main/metadata_20260416_170706.json "HTTP/1.1 404 Not Found"
[2026-04-17 02:07:36,287] 1025 httpx - INFO - HTTP Request: GET https://huggingface.co/api/models/Fyiras/network-security-model/tree/main?recursive=true&expand=false "HTTP/1.1 200 OK"
[2026-04-17 02:07:36,454] 1025 httpx - INFO - HTTP Request: HEAD https://huggingface.co/Fyiras/network-security-model/resolve/main/metadata_20260417_020304.json "HTTP/1.1 307 Temporary Redirect"
[2026-04-17 02:07:36,515] 1025 httpx - INFO - HTTP Request: HEAD https://huggingface.co/api/resolve-cache/models/Fyiras/network-security-model/f26a706da04319f296f3768d4d38666e258e2dec/metadata_20260417_020304.json "HTTP/1.1 200 OK"
[2026-04-17 02:07:36,684] 1025 httpx - INFO - HTTP Request: HEAD https://huggingface.co/Fyiras/network-security-model/resolve/main/metadata_20260417_012327.json "HTTP/1.1 307 Temporary Redirect"
[2026-04-17 02:07:36,745] 1025 httpx - INFO - HTTP Request: HEAD https://huggingface.co/api/resolve-cache/models/Fyiras/network-security-model/f26a706da04319f296f3768d4d38666e258e2dec/metadata_20260417_012327.json "HTTP/1.1 200 OK"
[2026-04-17 02:07:36,974] 1025 httpx - INFO - HTTP Request: HEAD https://huggingface.co/Fyiras/network-security-model/resolve/main/metadata_20260416_235233.json "HTTP/1.1 307 Temporary Redirect"
[2026-04-17 02:07:37,034] 1025 httpx - INFO - HTTP Request: HEAD https://huggingface.co/api/resolve-cache/models/Fyiras/network-security-model/f26a706da04319f296f3768d4d38666e258e2dec/metadata_20260416_235233.json "HTTP/1.1 200 OK"
[2026-04-17 02:07:37,203] 1025 httpx - INFO - HTTP Request: HEAD https://huggingface.co/Fyiras/network-security-model/resolve/main/metadata_20260416_175635.json "HTTP/1.1 404 Not Found"
[2026-04-17 02:07:37,369] 1025 httpx - INFO - HTTP Request: HEAD https://huggingface.co/Fyiras/network-security-model/resolve/main/metadata_20260416_172643.json "HTTP/1.1 404 Not Found"
[2026-04-17 02:07:37,728] 1025 httpx - INFO - HTTP Request: HEAD https://huggingface.co/Fyiras/network-security-model/resolve/main/metadata_20260416_171656.json "HTTP/1.1 404 Not Found"
[2026-04-17 02:07:37,900] 1025 httpx - INFO - HTTP Request: HEAD https://huggingface.co/Fyiras/network-security-model/resolve/main/metadata_20260416_170706.json "HTTP/1.1 404 Not Found"
[2026-04-17 02:07:41,914] 1025 httpx - INFO - HTTP Request: HEAD https://huggingface.co/Fyiras/network-security-model/resolve/main/latest.json "HTTP/1.1 307 Temporary Redirect"
[2026-04-17 02:07:41,965] 1025 httpx - INFO - HTTP Request: HEAD https://huggingface.co/api/resolve-cache/models/Fyiras/network-security-model/f26a706da04319f296f3768d4d38666e258e2dec/latest.json "HTTP/1.1 200 OK"
[2026-04-17 02:08:03,455] 1025 httpx - INFO - HTTP Request: GET https://huggingface.co/api/models/Fyiras/network-security-model/tree/main?recursive=true&expand=false "HTTP/1.1 200 OK"
[2026-04-17 02:08:03,459] 1025 httpx - INFO - HTTP Request: GET https://huggingface.co/api/models/Fyiras/network-security-model/tree/main?recursive=true&expand=false "HTTP/1.1 200 OK"
[2026-04-17 02:08:03,622] 1025 httpx - INFO - HTTP Request: HEAD https://huggingface.co/Fyiras/network-security-model/resolve/main/metadata_20260417_020304.json "HTTP/1.1 307 Temporary Redirect"
[2026-04-17 02:08:03,685] 1025 httpx - INFO - HTTP Request: HEAD https://huggingface.co/api/resolve-cache/models/Fyiras/network-security-model/f26a706da04319f296f3768d4d38666e258e2dec/metadata_20260417_020304.json "HTTP/1.1 200 OK"
[2026-04-17 02:08:03,851] 1025 httpx - INFO - HTTP Request: HEAD https://huggingface.co/Fyiras/network-security-model/resolve/main/metadata_20260417_012327.json "HTTP/1.1 307 Temporary Redirect"
[2026-04-17 02:08:03,899] 1025 httpx - INFO - HTTP Request: HEAD https://huggingface.co/api/resolve-cache/models/Fyiras/network-security-model/f26a706da04319f296f3768d4d38666e258e2dec/metadata_20260417_012327.json "HTTP/1.1 200 OK"
[2026-04-17 02:08:04,071] 1025 httpx - INFO - HTTP Request: HEAD https://huggingface.co/Fyiras/network-security-model/resolve/main/metadata_20260416_235233.json "HTTP/1.1 307 Temporary Redirect"
[2026-04-17 02:08:04,120] 1025 httpx - INFO - HTTP Request: HEAD https://huggingface.co/api/resolve-cache/models/Fyiras/network-security-model/f26a706da04319f296f3768d4d38666e258e2dec/metadata_20260416_235233.json "HTTP/1.1 200 OK"
[2026-04-17 02:08:04,287] 1025 httpx - INFO - HTTP Request: HEAD https://huggingface.co/Fyiras/network-security-model/resolve/main/metadata_20260416_175635.json "HTTP/1.1 404 Not Found"
[2026-04-17 02:08:04,454] 1025 httpx - INFO - HTTP Request: HEAD https://huggingface.co/Fyiras/network-security-model/resolve/main/metadata_20260416_172643.json "HTTP/1.1 404 Not Found"
[2026-04-17 02:08:04,619] 1025 httpx - INFO - HTTP Request: HEAD https://huggingface.co/Fyiras/network-security-model/resolve/main/metadata_20260416_171656.json "HTTP/1.1 404 Not Found"
[2026-04-17 02:08:04,785] 1025 httpx - INFO - HTTP Request: HEAD https://huggingface.co/Fyiras/network-security-model/resolve/main/metadata_20260416_170706.json "HTTP/1.1 404 Not Found"
[2026-04-17 02:08:12,295] 1025 httpx - INFO - HTTP Request: HEAD https://huggingface.co/Fyiras/network-security-model/resolve/main/latest.json "HTTP/1.1 307 Temporary Redirect"
[2026-04-17 02:08:12,346] 1025 httpx - INFO - HTTP Request: HEAD https://huggingface.co/api/resolve-cache/models/Fyiras/network-security-model/f26a706da04319f296f3768d4d38666e258e2dec/latest.json "HTTP/1.1 200 OK"
[2026-04-17 02:08:34,395] 1025 httpx - INFO - HTTP Request: GET https://huggingface.co/api/models/Fyiras/network-security-model/tree/main?recursive=true&expand=false "HTTP/1.1 200 OK"
[2026-04-17 02:08:34,567] 1025 httpx - INFO - HTTP Request: GET https://huggingface.co/api/models/Fyiras/network-security-model/tree/main?recursive=true&expand=false "HTTP/1.1 200 OK"
[2026-04-17 02:08:34,733] 1025 httpx - INFO - HTTP Request: HEAD https://huggingface.co/Fyiras/network-security-model/resolve/main/metadata_20260417_020304.json "HTTP/1.1 307 Temporary Redirect"
[2026-04-17 02:08:34,783] 1025 httpx - INFO - HTTP Request: HEAD https://huggingface.co/api/resolve-cache/models/Fyiras/network-security-model/f26a706da04319f296f3768d4d38666e258e2dec/metadata_20260417_020304.json "HTTP/1.1 200 OK"
[2026-04-17 02:08:34,951] 1025 httpx - INFO - HTTP Request: HEAD https://huggingface.co/Fyiras/network-security-model/resolve/main/metadata_20260417_012327.json "HTTP/1.1 307 Temporary Redirect"
[2026-04-17 02:08:35,000] 1025 httpx - INFO - HTTP Request: HEAD https://huggingface.co/api/resolve-cache/models/Fyiras/network-security-model/f26a706da04319f296f3768d4d38666e258e2dec/metadata_20260417_012327.json "HTTP/1.1 200 OK"
[2026-04-17 02:08:35,172] 1025 httpx - INFO - HTTP Request: HEAD https://huggingface.co/Fyiras/network-security-model/resolve/main/metadata_20260416_235233.json "HTTP/1.1 307 Temporary Redirect"
[2026-04-17 02:08:35,228] 1025 httpx - INFO - HTTP Request: HEAD https://huggingface.co/api/resolve-cache/models/Fyiras/network-security-model/f26a706da04319f296f3768d4d38666e258e2dec/metadata_20260416_235233.json "HTTP/1.1 200 OK"
[2026-04-17 02:08:35,393] 1025 httpx - INFO - HTTP Request: HEAD https://huggingface.co/Fyiras/network-security-model/resolve/main/metadata_20260416_175635.json "HTTP/1.1 404 Not Found"
[2026-04-17 02:08:35,569] 1025 httpx - INFO - HTTP Request: HEAD https://huggingface.co/Fyiras/network-security-model/resolve/main/metadata_20260416_172643.json "HTTP/1.1 404 Not Found"
[2026-04-17 02:08:35,734] 1025 httpx - INFO - HTTP Request: HEAD https://huggingface.co/Fyiras/network-security-model/resolve/main/metadata_20260416_171656.json "HTTP/1.1 404 Not Found"
[2026-04-17 02:08:35,901] 1025 httpx - INFO - HTTP Request: HEAD https://huggingface.co/Fyiras/network-security-model/resolve/main/metadata_20260416_170706.json "HTTP/1.1 404 Not Found"
[2026-04-17 02:08:42,635] 1025 httpx - INFO - HTTP Request: HEAD https://huggingface.co/Fyiras/network-security-model/resolve/main/latest.json "HTTP/1.1 307 Temporary Redirect"
[2026-04-17 02:08:42,684] 1025 httpx - INFO - HTTP Request: HEAD https://huggingface.co/api/resolve-cache/models/Fyiras/network-security-model/f26a706da04319f296f3768d4d38666e258e2dec/latest.json "HTTP/1.1 200 OK"
[2026-04-17 02:09:04,380] 1025 httpx - INFO - HTTP Request: GET https://huggingface.co/api/models/Fyiras/network-security-model/tree/main?recursive=true&expand=false "HTTP/1.1 200 OK"
[2026-04-17 02:09:04,548] 1025 httpx - INFO - HTTP Request: GET https://huggingface.co/api/models/Fyiras/network-security-model/tree/main?recursive=true&expand=false "HTTP/1.1 200 OK"
[2026-04-17 02:09:04,709] 1025 httpx - INFO - HTTP Request: HEAD https://huggingface.co/Fyiras/network-security-model/resolve/main/metadata_20260417_020304.json "HTTP/1.1 307 Temporary Redirect"
[2026-04-17 02:09:04,756] 1025 httpx - INFO - HTTP Request: HEAD https://huggingface.co/api/resolve-cache/models/Fyiras/network-security-model/f26a706da04319f296f3768d4d38666e258e2dec/metadata_20260417_020304.json "HTTP/1.1 200 OK"
[2026-04-17 02:09:04,919] 1025 httpx - INFO - HTTP Request: HEAD https://huggingface.co/Fyiras/network-security-model/resolve/main/metadata_20260417_012327.json "HTTP/1.1 307 Temporary Redirect"
[2026-04-17 02:09:04,969] 1025 httpx - INFO - HTTP Request: HEAD https://huggingface.co/api/resolve-cache/models/Fyiras/network-security-model/f26a706da04319f296f3768d4d38666e258e2dec/metadata_20260417_012327.json "HTTP/1.1 200 OK"
[2026-04-17 02:09:05,140] 1025 httpx - INFO - HTTP Request: HEAD https://huggingface.co/Fyiras/network-security-model/resolve/main/metadata_20260416_235233.json "HTTP/1.1 307 Temporary Redirect"
[2026-04-17 02:09:05,188] 1025 httpx - INFO - HTTP Request: HEAD https://huggingface.co/api/resolve-cache/models/Fyiras/network-security-model/f26a706da04319f296f3768d4d38666e258e2dec/metadata_20260416_235233.json "HTTP/1.1 200 OK"
[2026-04-17 02:09:05,363] 1025 httpx - INFO - HTTP Request: HEAD https://huggingface.co/Fyiras/network-security-model/resolve/main/metadata_20260416_175635.json "HTTP/1.1 404 Not Found"
[2026-04-17 02:09:05,525] 1025 httpx - INFO - HTTP Request: HEAD https://huggingface.co/Fyiras/network-security-model/resolve/main/metadata_20260416_172643.json "HTTP/1.1 404 Not Found"
[2026-04-17 02:09:05,692] 1025 httpx - INFO - HTTP Request: HEAD https://huggingface.co/Fyiras/network-security-model/resolve/main/metadata_20260416_171656.json "HTTP/1.1 404 Not Found"
[2026-04-17 02:09:05,900] 1025 httpx - INFO - HTTP Request: HEAD https://huggingface.co/Fyiras/network-security-model/resolve/main/metadata_20260416_170706.json "HTTP/1.1 404 Not Found"
[2026-04-17 02:09:13,399] 1025 httpx - INFO - HTTP Request: HEAD https://huggingface.co/Fyiras/network-security-model/resolve/main/latest.json "HTTP/1.1 307 Temporary Redirect"
[2026-04-17 02:09:13,730] 1025 httpx - INFO - HTTP Request: HEAD https://huggingface.co/api/resolve-cache/models/Fyiras/network-security-model/f26a706da04319f296f3768d4d38666e258e2dec/latest.json "HTTP/1.1 200 OK"
[2026-04-17 02:09:34,443] 1025 httpx - INFO - HTTP Request: GET https://huggingface.co/api/models/Fyiras/network-security-model/tree/main?recursive=true&expand=false "HTTP/1.1 200 OK"
[2026-04-17 02:09:34,621] 1025 httpx - INFO - HTTP Request: GET https://huggingface.co/api/models/Fyiras/network-security-model/tree/main?recursive=true&expand=false "HTTP/1.1 200 OK"
[2026-04-17 02:09:34,790] 1025 httpx - INFO - HTTP Request: HEAD https://huggingface.co/Fyiras/network-security-model/resolve/main/metadata_20260417_020304.json "HTTP/1.1 307 Temporary Redirect"
[2026-04-17 02:09:34,839] 1025 httpx - INFO - HTTP Request: HEAD https://huggingface.co/api/resolve-cache/models/Fyiras/network-security-model/f26a706da04319f296f3768d4d38666e258e2dec/metadata_20260417_020304.json "HTTP/1.1 200 OK"
[2026-04-17 02:09:35,004] 1025 httpx - INFO - HTTP Request: HEAD https://huggingface.co/Fyiras/network-security-model/resolve/main/metadata_20260417_012327.json "HTTP/1.1 307 Temporary Redirect"
[2026-04-17 02:09:35,053] 1025 httpx - INFO - HTTP Request: HEAD https://huggingface.co/api/resolve-cache/models/Fyiras/network-security-model/f26a706da04319f296f3768d4d38666e258e2dec/metadata_20260417_012327.json "HTTP/1.1 200 OK"
[2026-04-17 02:09:35,216] 1025 httpx - INFO - HTTP Request: HEAD https://huggingface.co/Fyiras/network-security-model/resolve/main/metadata_20260416_235233.json "HTTP/1.1 307 Temporary Redirect"
[2026-04-17 02:09:35,265] 1025 httpx - INFO - HTTP Request: HEAD https://huggingface.co/api/resolve-cache/models/Fyiras/network-security-model/f26a706da04319f296f3768d4d38666e258e2dec/metadata_20260416_235233.json "HTTP/1.1 200 OK"
[2026-04-17 02:09:35,432] 1025 httpx - INFO - HTTP Request: HEAD https://huggingface.co/Fyiras/network-security-model/resolve/main/metadata_20260416_175635.json "HTTP/1.1 404 Not Found"
[2026-04-17 02:09:35,601] 1025 httpx - INFO - HTTP Request: HEAD https://huggingface.co/Fyiras/network-security-model/resolve/main/metadata_20260416_172643.json "HTTP/1.1 404 Not Found"
[2026-04-17 02:09:35,765] 1025 httpx - INFO - HTTP Request: HEAD https://huggingface.co/Fyiras/network-security-model/resolve/main/metadata_20260416_171656.json "HTTP/1.1 404 Not Found"
[2026-04-17 02:09:35,930] 1025 httpx - INFO - HTTP Request: HEAD https://huggingface.co/Fyiras/network-security-model/resolve/main/metadata_20260416_170706.json "HTTP/1.1 404 Not Found"
