[2026-04-16 16:14:24,342] 1025 httpx - INFO - HTTP Request: GET https://dagshub.com/api/v1/user "HTTP/1.1 200 OK"
[2026-04-16 16:14:24,351] 107 dagshub - INFO - Accessing as foued-firas
[2026-04-16 16:14:25,018] 1025 httpx - INFO - HTTP Request: GET https://dagshub.com/api/v1/repos/foued-firas/-Network-Security-System "HTTP/1.1 200 OK"
[2026-04-16 16:14:25,742] 1025 httpx - INFO - HTTP Request: GET https://dagshub.com/api/v1/user "HTTP/1.1 200 OK"
[2026-04-16 16:14:25,743] 107 dagshub - INFO - Initialized MLflow to track repo "foued-firas/-Network-Security-System"
[2026-04-16 16:14:25,744] 107 dagshub - INFO - Repository foued-firas/-Network-Security-System initialized!
[2026-04-16 16:14:27,078] 1025 httpx - INFO - HTTP Request: HEAD https://huggingface.co/Fyiras/network-security-model/resolve/main/model.pkl "HTTP/1.1 302 Found"
[2026-04-16 16:14:27,098] 904 huggingface_hub.utils._http - WARNING - Warning: You are sending unauthenticated requests to the HF Hub. Please set a HF_TOKEN to enable higher rate limits and faster downloads.
[2026-04-16 16:14:27,304] 1025 httpx - INFO - HTTP Request: HEAD https://huggingface.co/Fyiras/network-security-model/resolve/main/preprocessor.pkl "HTTP/1.1 302 Found"
[2026-04-16 16:18:43,580] 62 root - INFO - Start data Ingestion
[2026-04-16 16:19:01,731] 68 root - INFO - Performed train test split on the dataframe
[2026-04-16 16:19:01,731] 70 root - INFO - Exited split_data_as_train_test method of Data_Ingestion class
[2026-04-16 16:19:01,731] 78 root - INFO - Exporting train and test file path.
[2026-04-16 16:19:01,774] 87 root - INFO - Exported train and test file path.
[2026-04-16 16:19:01,774] 65 root - INFO - Data Ingestion completed and artifact: DataIngestionArtifact(trained_file_path='artifacts\\04_16_2026_16_14_20\\data_ingestion\\ingested\\train.csv', test_file_path='artifacts\\04_16_2026_16_14_20\\data_ingestion\\ingested\\test.csv')
[2026-04-16 16:19:01,795] 75 root - INFO - Initiate the data Validation
[2026-04-16 16:19:02,055] 34 root - INFO - Required number of columns: 31
[2026-04-16 16:19:02,055] 35 root - INFO - Data frame has columns: 31
[2026-04-16 16:19:02,056] 110 root - INFO - Train dataset validation passed
[2026-04-16 16:19:02,056] 34 root - INFO - Required number of columns: 31
[2026-04-16 16:19:02,056] 35 root - INFO - Data frame has columns: 31
[2026-04-16 16:19:02,057] 117 root - INFO - Test dataset validation passed
[2026-04-16 16:19:02,371] 65 root - INFO - Entered initiate_data_transformation method of DataTransformation class
[2026-04-16 16:19:02,371] 67 root - INFO - Starting data transformation
[2026-04-16 16:19:02,398] 50 root - INFO - Entered get_data_trnasformer_object method of Trnasformation class
[2026-04-16 16:19:02,399] 55 root - INFO - Initialise KNNImputer with {'missing_values': nan, 'n_neighbors': 3, 'weights': 'uniform'}
[2026-04-16 16:19:02,408] 45 root - INFO - Entered the save_object method of MainUtils class
[2026-04-16 16:19:02,412] 49 root - INFO - Exited the save_object method of MainUtils class
[2026-04-16 16:19:02,412] 45 root - INFO - Entered the save_object method of MainUtils class
[2026-04-16 16:19:02,423] 49 root - INFO - Exited the save_object method of MainUtils class
[2026-04-16 16:23:54,985] 45 root - INFO - Entered the save_object method of MainUtils class
[2026-04-16 16:23:55,027] 49 root - INFO - Exited the save_object method of MainUtils class
[2026-04-16 16:23:55,027] 45 root - INFO - Entered the save_object method of MainUtils class
[2026-04-16 16:23:55,050] 49 root - INFO - Exited the save_object method of MainUtils class
[2026-04-16 16:23:55,050] 122 root - INFO - Model trainer artifact: ModelTrainerArtifact(trained_model_file_path='artifacts\\04_16_2026_16_14_20\\model_trainer\\trained_model\\model.pkl', train_metric_artifact=ClassificationMetricArtifact(f1_score=0.9912011458972785, precision_score=0.9891770471717378, recall_score=0.9932335452122206), test_metric_artifact=ClassificationMetricArtifact(f1_score=0.9757623143080532, precision_score=0.9765258215962441, recall_score=0.975))
[2026-04-16 16:23:55,503] 1025 httpx - INFO - HTTP Request: POST https://huggingface.co/api/models/Fyiras/network-security-model/preupload/main "HTTP/1.1 401 Unauthorized"
