[2026-04-17 13:09:18,577] 1025 httpx - INFO - HTTP Request: GET https://dagshub.com/api/v1/user "HTTP/1.1 200 OK"
[2026-04-17 13:09:18,587] 107 dagshub - INFO - Accessing as foued-firas
[2026-04-17 13:09:20,153] 1025 httpx - INFO - HTTP Request: GET https://dagshub.com/api/v1/repos/foued-firas/-Network-Security-System "HTTP/1.1 200 OK"
[2026-04-17 13:09:21,400] 1025 httpx - INFO - HTTP Request: GET https://dagshub.com/api/v1/user "HTTP/1.1 200 OK"
[2026-04-17 13:09:21,402] 107 dagshub - INFO - Initialized MLflow to track repo "foued-firas/-Network-Security-System"
[2026-04-17 13:09:21,402] 107 dagshub - INFO - Repository foued-firas/-Network-Security-System initialized!
[2026-04-17 13:09:22,720] 1025 httpx - INFO - HTTP Request: HEAD https://huggingface.co/Fyiras/network-security-model/resolve/main/latest.json "HTTP/1.1 307 Temporary Redirect"
[2026-04-17 13:09:22,721] 1025 httpx - INFO - HTTP Request: GET https://huggingface.co/api/models/Fyiras/network-security-model/tree/main?recursive=true&expand=false "HTTP/1.1 200 OK"
[2026-04-17 13:09:22,721] 1025 httpx - INFO - HTTP Request: GET https://huggingface.co/api/models/Fyiras/network-security-model/tree/main?recursive=true&expand=false "HTTP/1.1 200 OK"
[2026-04-17 13:09:23,496] 1025 httpx - INFO - HTTP Request: HEAD https://huggingface.co/api/resolve-cache/models/Fyiras/network-security-model/f26a706da04319f296f3768d4d38666e258e2dec/latest.json "HTTP/1.1 200 OK"
[2026-04-17 13:09:23,497] 1025 httpx - INFO - HTTP Request: HEAD https://huggingface.co/Fyiras/network-security-model/resolve/main/metadata_20260417_020304.json "HTTP/1.1 307 Temporary Redirect"
[2026-04-17 13:09:23,573] 1025 httpx - INFO - HTTP Request: HEAD https://huggingface.co/api/resolve-cache/models/Fyiras/network-security-model/f26a706da04319f296f3768d4d38666e258e2dec/metadata_20260417_020304.json "HTTP/1.1 200 OK"
[2026-04-17 13:09:23,746] 1025 httpx - INFO - HTTP Request: HEAD https://huggingface.co/Fyiras/network-security-model/resolve/main/model_20260417_020304.pkl "HTTP/1.1 302 Found"
[2026-04-17 13:09:23,777] 1025 httpx - INFO - HTTP Request: HEAD https://huggingface.co/Fyiras/network-security-model/resolve/main/metadata_20260417_012327.json "HTTP/1.1 307 Temporary Redirect"
[2026-04-17 13:09:23,915] 1025 httpx - INFO - HTTP Request: HEAD https://huggingface.co/api/resolve-cache/models/Fyiras/network-security-model/f26a706da04319f296f3768d4d38666e258e2dec/metadata_20260417_012327.json "HTTP/1.1 200 OK"
[2026-04-17 13:09:24,128] 1025 httpx - INFO - HTTP Request: HEAD https://huggingface.co/Fyiras/network-security-model/resolve/main/preprocessor_20260417_020304.pkl "HTTP/1.1 302 Found"
[2026-04-17 13:09:24,326] 1025 httpx - INFO - HTTP Request: HEAD https://huggingface.co/Fyiras/network-security-model/resolve/main/metadata_20260416_235233.json "HTTP/1.1 307 Temporary Redirect"
[2026-04-17 13:09:25,386] 1025 httpx - INFO - HTTP Request: HEAD https://huggingface.co/api/resolve-cache/models/Fyiras/network-security-model/f26a706da04319f296f3768d4d38666e258e2dec/metadata_20260416_235233.json "HTTP/1.1 200 OK"
[2026-04-17 13:09:26,550] 1025 httpx - INFO - HTTP Request: HEAD https://huggingface.co/Fyiras/network-security-model/resolve/main/metadata_20260416_175635.json "HTTP/1.1 404 Not Found"
[2026-04-17 13:09:26,968] 1025 httpx - INFO - HTTP Request: HEAD https://huggingface.co/Fyiras/network-security-model/resolve/main/metadata_20260416_172643.json "HTTP/1.1 404 Not Found"
[2026-04-17 13:09:27,785] 1025 httpx - INFO - HTTP Request: HEAD https://huggingface.co/Fyiras/network-security-model/resolve/main/metadata_20260416_171656.json "HTTP/1.1 404 Not Found"
[2026-04-17 13:09:28,082] 1025 httpx - INFO - HTTP Request: HEAD https://huggingface.co/Fyiras/network-security-model/resolve/main/metadata_20260416_170706.json "HTTP/1.1 404 Not Found"
