[2026-04-16 22:45:39,828] 1025 httpx - INFO - HTTP Request: GET https://dagshub.com/api/v1/user "HTTP/1.1 200 OK"
[2026-04-16 22:45:39,838] 107 dagshub - INFO - Accessing as foued-firas
[2026-04-16 22:45:40,519] 1025 httpx - INFO - HTTP Request: GET https://dagshub.com/api/v1/repos/foued-firas/-Network-Security-System "HTTP/1.1 200 OK"
[2026-04-16 22:45:41,114] 1025 httpx - INFO - HTTP Request: GET https://dagshub.com/api/v1/user "HTTP/1.1 200 OK"
[2026-04-16 22:45:41,116] 107 dagshub - INFO - Initialized MLflow to track repo "foued-firas/-Network-Security-System"
[2026-04-16 22:45:41,116] 107 dagshub - INFO - Repository foued-firas/-Network-Security-System initialized!
[2026-04-16 22:45:41,589] 1025 httpx - INFO - HTTP Request: HEAD https://huggingface.co/Fyiras/network-security-model/resolve/main/latest.json "HTTP/1.1 307 Temporary Redirect"
[2026-04-16 22:45:41,591] 1025 httpx - INFO - HTTP Request: GET https://huggingface.co/api/models/Fyiras/network-security-model/tree/main?recursive=true&expand=false "HTTP/1.1 200 OK"
[2026-04-16 22:45:41,666] 1025 httpx - INFO - HTTP Request: HEAD https://huggingface.co/api/resolve-cache/models/Fyiras/network-security-model/aad62b7229c765d0e23d0c33780d131bfaeac11b/latest.json "HTTP/1.1 200 OK"
[2026-04-16 22:45:41,856] 1025 httpx - INFO - HTTP Request: HEAD https://huggingface.co/Fyiras/network-security-model/resolve/main/model_20260416_175635.pkl "HTTP/1.1 302 Found"
[2026-04-16 22:45:42,036] 1025 httpx - INFO - HTTP Request: HEAD https://huggingface.co/Fyiras/network-security-model/resolve/main/preprocessor_20260416_175635.pkl "HTTP/1.1 302 Found"
[2026-04-16 22:46:12,729] 1025 httpx - INFO - HTTP Request: HEAD https://huggingface.co/Fyiras/network-security-model/resolve/main/latest.json "HTTP/1.1 307 Temporary Redirect"
[2026-04-16 22:46:12,915] 1025 httpx - INFO - HTTP Request: HEAD https://huggingface.co/api/resolve-cache/models/Fyiras/network-security-model/aad62b7229c765d0e23d0c33780d131bfaeac11b/latest.json "HTTP/1.1 200 OK"
[2026-04-16 22:46:43,203] 1025 httpx - INFO - HTTP Request: HEAD https://huggingface.co/Fyiras/network-security-model/resolve/main/latest.json "HTTP/1.1 307 Temporary Redirect"
[2026-04-16 22:46:43,252] 1025 httpx - INFO - HTTP Request: HEAD https://huggingface.co/api/resolve-cache/models/Fyiras/network-security-model/aad62b7229c765d0e23d0c33780d131bfaeac11b/latest.json "HTTP/1.1 200 OK"
[2026-04-16 22:47:13,577] 1025 httpx - INFO - HTTP Request: HEAD https://huggingface.co/Fyiras/network-security-model/resolve/main/latest.json "HTTP/1.1 307 Temporary Redirect"
[2026-04-16 22:47:13,625] 1025 httpx - INFO - HTTP Request: HEAD https://huggingface.co/api/resolve-cache/models/Fyiras/network-security-model/aad62b7229c765d0e23d0c33780d131bfaeac11b/latest.json "HTTP/1.1 200 OK"
[2026-04-16 22:47:43,962] 1025 httpx - INFO - HTTP Request: HEAD https://huggingface.co/Fyiras/network-security-model/resolve/main/latest.json "HTTP/1.1 307 Temporary Redirect"
[2026-04-16 22:47:44,024] 1025 httpx - INFO - HTTP Request: HEAD https://huggingface.co/api/resolve-cache/models/Fyiras/network-security-model/aad62b7229c765d0e23d0c33780d131bfaeac11b/latest.json "HTTP/1.1 200 OK"
[2026-04-16 22:48:14,369] 1025 httpx - INFO - HTTP Request: HEAD https://huggingface.co/Fyiras/network-security-model/resolve/main/latest.json "HTTP/1.1 307 Temporary Redirect"
[2026-04-16 22:48:14,418] 1025 httpx - INFO - HTTP Request: HEAD https://huggingface.co/api/resolve-cache/models/Fyiras/network-security-model/aad62b7229c765d0e23d0c33780d131bfaeac11b/latest.json "HTTP/1.1 200 OK"
[2026-04-16 22:48:44,692] 1025 httpx - INFO - HTTP Request: HEAD https://huggingface.co/Fyiras/network-security-model/resolve/main/latest.json "HTTP/1.1 307 Temporary Redirect"
[2026-04-16 22:48:44,740] 1025 httpx - INFO - HTTP Request: HEAD https://huggingface.co/api/resolve-cache/models/Fyiras/network-security-model/aad62b7229c765d0e23d0c33780d131bfaeac11b/latest.json "HTTP/1.1 200 OK"
[2026-04-16 22:49:15,103] 1025 httpx - INFO - HTTP Request: HEAD https://huggingface.co/Fyiras/network-security-model/resolve/main/latest.json "HTTP/1.1 307 Temporary Redirect"
[2026-04-16 22:49:15,153] 1025 httpx - INFO - HTTP Request: HEAD https://huggingface.co/api/resolve-cache/models/Fyiras/network-security-model/aad62b7229c765d0e23d0c33780d131bfaeac11b/latest.json "HTTP/1.1 200 OK"
[2026-04-16 22:49:45,432] 1025 httpx - INFO - HTTP Request: HEAD https://huggingface.co/Fyiras/network-security-model/resolve/main/latest.json "HTTP/1.1 307 Temporary Redirect"
[2026-04-16 22:49:45,482] 1025 httpx - INFO - HTTP Request: HEAD https://huggingface.co/api/resolve-cache/models/Fyiras/network-security-model/aad62b7229c765d0e23d0c33780d131bfaeac11b/latest.json "HTTP/1.1 200 OK"
[2026-04-16 22:50:15,814] 1025 httpx - INFO - HTTP Request: HEAD https://huggingface.co/Fyiras/network-security-model/resolve/main/latest.json "HTTP/1.1 307 Temporary Redirect"
[2026-04-16 22:50:15,874] 1025 httpx - INFO - HTTP Request: HEAD https://huggingface.co/api/resolve-cache/models/Fyiras/network-security-model/aad62b7229c765d0e23d0c33780d131bfaeac11b/latest.json "HTTP/1.1 200 OK"
[2026-04-16 22:50:46,315] 1025 httpx - INFO - HTTP Request: HEAD https://huggingface.co/Fyiras/network-security-model/resolve/main/latest.json "HTTP/1.1 307 Temporary Redirect"
[2026-04-16 22:50:46,486] 1025 httpx - INFO - HTTP Request: HEAD https://huggingface.co/api/resolve-cache/models/Fyiras/network-security-model/aad62b7229c765d0e23d0c33780d131bfaeac11b/latest.json "HTTP/1.1 200 OK"
