[2026-04-16 17:21:55,003] 1025 httpx - INFO - HTTP Request: GET https://dagshub.com/api/v1/user "HTTP/1.1 200 OK"
[2026-04-16 17:21:55,015] 107 dagshub - INFO - Accessing as foued-firas
[2026-04-16 17:21:55,712] 1025 httpx - INFO - HTTP Request: GET https://dagshub.com/api/v1/repos/foued-firas/-Network-Security-System "HTTP/1.1 200 OK"
[2026-04-16 17:21:56,431] 1025 httpx - INFO - HTTP Request: GET https://dagshub.com/api/v1/user "HTTP/1.1 200 OK"
[2026-04-16 17:21:56,433] 107 dagshub - INFO - Initialized MLflow to track repo "foued-firas/-Network-Security-System"
[2026-04-16 17:21:56,433] 107 dagshub - INFO - Repository foued-firas/-Network-Security-System initialized!
[2026-04-16 17:21:59,522] 1025 httpx - INFO - HTTP Request: GET https://huggingface.co/api/models/Fyiras/network-security-model/tree/main?recursive=true&expand=false "HTTP/1.1 200 OK"
[2026-04-16 17:21:59,696] 1025 httpx - INFO - HTTP Request: GET https://huggingface.co/api/models/Fyiras/network-security-model/tree/main?recursive=true&expand=false "HTTP/1.1 200 OK"
[2026-04-16 17:21:59,870] 1025 httpx - INFO - HTTP Request: HEAD https://huggingface.co/Fyiras/network-security-model/resolve/main/model_20260416_171656.pkl "HTTP/1.1 302 Found"
[2026-04-16 17:22:00,051] 1025 httpx - INFO - HTTP Request: HEAD https://huggingface.co/Fyiras/network-security-model/resolve/main/preprocessor_20260416_171722.pkl "HTTP/1.1 302 Found"
[2026-04-16 17:22:27,934] 65 root - INFO - Start data Ingestion
[2026-04-16 17:22:33,044] 68 root - INFO - Performed train test split on the dataframe
[2026-04-16 17:22:33,044] 70 root - INFO - Exited split_data_as_train_test method of Data_Ingestion class
[2026-04-16 17:22:33,045] 78 root - INFO - Exporting train and test file path.
[2026-04-16 17:22:33,111] 87 root - INFO - Exported train and test file path.
[2026-04-16 17:22:33,112] 68 root - INFO - Data Ingestion completed and artifact: DataIngestionArtifact(trained_file_path='artifacts\\04_16_2026_17_21_47\\data_ingestion\\ingested\\train.csv', test_file_path='artifacts\\04_16_2026_17_21_47\\data_ingestion\\ingested\\test.csv')
[2026-04-16 17:22:33,118] 78 root - INFO - Initiate the data Validation
[2026-04-16 17:22:33,177] 34 root - INFO - Required number of columns: 31
[2026-04-16 17:22:33,177] 35 root - INFO - Data frame has columns: 31
[2026-04-16 17:22:33,179] 110 root - INFO - Train dataset validation passed
[2026-04-16 17:22:33,179] 34 root - INFO - Required number of columns: 31
[2026-04-16 17:22:33,179] 35 root - INFO - Data frame has columns: 31
[2026-04-16 17:22:33,180] 117 root - INFO - Test dataset validation passed
[2026-04-16 17:22:33,349] 65 root - INFO - Entered initiate_data_transformation method of DataTransformation class
[2026-04-16 17:22:33,349] 67 root - INFO - Starting data transformation
[2026-04-16 17:22:33,368] 50 root - INFO - Entered get_data_trnasformer_object method of Trnasformation class
[2026-04-16 17:22:33,369] 55 root - INFO - Initialise KNNImputer with {'missing_values': nan, 'n_neighbors': 3, 'weights': 'uniform'}
[2026-04-16 17:22:33,381] 45 root - INFO - Entered the save_object method of MainUtils class
[2026-04-16 17:22:33,384] 49 root - INFO - Exited the save_object method of MainUtils class
[2026-04-16 17:22:33,384] 45 root - INFO - Entered the save_object method of MainUtils class
[2026-04-16 17:22:33,386] 49 root - INFO - Exited the save_object method of MainUtils class
[2026-04-16 17:26:42,908] 45 root - INFO - Entered the save_object method of MainUtils class
[2026-04-16 17:26:43,108] 49 root - INFO - Exited the save_object method of MainUtils class
[2026-04-16 17:26:43,110] 45 root - INFO - Entered the save_object method of MainUtils class
[2026-04-16 17:26:43,141] 49 root - INFO - Exited the save_object method of MainUtils class
[2026-04-16 17:26:43,141] 122 root - INFO - Model trainer artifact: ModelTrainerArtifact(trained_model_file_path='artifacts\\04_16_2026_17_21_47\\model_trainer\\trained_model\\model.pkl', train_metric_artifact=ClassificationMetricArtifact(f1_score=0.9906353841506395, precision_score=0.9877510040160643, recall_score=0.9935366592607554), test_metric_artifact=ClassificationMetricArtifact(f1_score=0.9790382244143033, precision_score=0.9706601466992665, recall_score=0.9875621890547264))
[2026-04-16 17:26:43,495] 1025 httpx - INFO - HTTP Request: POST https://huggingface.co/api/repos/create "HTTP/1.1 409 Conflict"
[2026-04-16 17:26:43,709] 1025 httpx - INFO - HTTP Request: POST https://huggingface.co/api/models/Fyiras/network-security-model/preupload/main "HTTP/1.1 200 OK"
[2026-04-16 17:26:43,894] 1025 httpx - INFO - HTTP Request: POST https://huggingface.co/Fyiras/network-security-model.git/info/lfs/objects/batch "HTTP/1.1 200 OK"
[2026-04-16 17:26:44,070] 1025 httpx - INFO - HTTP Request: GET https://huggingface.co/api/models/Fyiras/network-security-model/xet-write-token/main "HTTP/1.1 200 OK"
[2026-04-16 17:27:02,785] 1025 httpx - INFO - HTTP Request: POST https://huggingface.co/api/models/Fyiras/network-security-model/commit/main "HTTP/1.1 200 OK"
[2026-04-16 17:27:02,979] 1025 httpx - INFO - HTTP Request: POST https://huggingface.co/api/models/Fyiras/network-security-model/preupload/main "HTTP/1.1 200 OK"
[2026-04-16 17:27:03,167] 1025 httpx - INFO - HTTP Request: POST https://huggingface.co/Fyiras/network-security-model.git/info/lfs/objects/batch "HTTP/1.1 200 OK"
[2026-04-16 17:27:04,973] 1025 httpx - INFO - HTTP Request: POST https://huggingface.co/api/models/Fyiras/network-security-model/commit/main "HTTP/1.1 200 OK"
[2026-04-16 17:27:05,296] 1025 httpx - INFO - HTTP Request: GET https://huggingface.co/api/models/Fyiras/network-security-model/tree/main?recursive=true&expand=false "HTTP/1.1 200 OK"
[2026-04-16 17:27:05,461] 1025 httpx - INFO - HTTP Request: GET https://huggingface.co/api/models/Fyiras/network-security-model/tree/main?recursive=true&expand=false "HTTP/1.1 200 OK"
[2026-04-16 17:27:05,638] 1025 httpx - INFO - HTTP Request: HEAD https://huggingface.co/Fyiras/network-security-model/resolve/main/model_20260416_172643.pkl "HTTP/1.1 302 Found"
[2026-04-16 17:27:05,805] 1025 httpx - INFO - HTTP Request: GET https://huggingface.co/api/models/Fyiras/network-security-model/xet-read-token/576900efb51041b80c8e350f55ef1eab6d0e3070 "HTTP/1.1 200 OK"
[2026-04-16 17:27:11,512] 1025 httpx - INFO - HTTP Request: HEAD https://huggingface.co/Fyiras/network-security-model/resolve/main/preprocessor_20260416_172702.pkl "HTTP/1.1 302 Found"
