[2026-04-16 22:54:51,188] 1025 httpx - INFO - HTTP Request: GET https://dagshub.com/api/v1/user "HTTP/1.1 200 OK"
[2026-04-16 22:54:51,197] 107 dagshub - INFO - Accessing as foued-firas
[2026-04-16 22:54:51,858] 1025 httpx - INFO - HTTP Request: GET https://dagshub.com/api/v1/repos/foued-firas/-Network-Security-System "HTTP/1.1 200 OK"
[2026-04-16 22:54:52,450] 1025 httpx - INFO - HTTP Request: GET https://dagshub.com/api/v1/user "HTTP/1.1 200 OK"
[2026-04-16 22:54:52,452] 107 dagshub - INFO - Initialized MLflow to track repo "foued-firas/-Network-Security-System"
[2026-04-16 22:54:52,452] 107 dagshub - INFO - Repository foued-firas/-Network-Security-System initialized!
[2026-04-16 22:54:52,937] 1025 httpx - INFO - HTTP Request: GET https://huggingface.co/api/models/Fyiras/network-security-model/tree/main?recursive=true&expand=false "HTTP/1.1 200 OK"
[2026-04-16 22:54:52,955] 1025 httpx - INFO - HTTP Request: HEAD https://huggingface.co/Fyiras/network-security-model/resolve/main/latest.json "HTTP/1.1 307 Temporary Redirect"
[2026-04-16 22:54:53,005] 1025 httpx - INFO - HTTP Request: HEAD https://huggingface.co/api/resolve-cache/models/Fyiras/network-security-model/aad62b7229c765d0e23d0c33780d131bfaeac11b/latest.json "HTTP/1.1 200 OK"
[2026-04-16 22:54:53,173] 1025 httpx - INFO - HTTP Request: HEAD https://huggingface.co/Fyiras/network-security-model/resolve/main/model_20260416_175635.pkl "HTTP/1.1 302 Found"
[2026-04-16 22:54:53,357] 1025 httpx - INFO - HTTP Request: HEAD https://huggingface.co/Fyiras/network-security-model/resolve/main/preprocessor_20260416_175635.pkl "HTTP/1.1 302 Found"
[2026-04-16 22:55:23,708] 1025 httpx - INFO - HTTP Request: HEAD https://huggingface.co/Fyiras/network-security-model/resolve/main/latest.json "HTTP/1.1 307 Temporary Redirect"
[2026-04-16 22:55:23,768] 1025 httpx - INFO - HTTP Request: HEAD https://huggingface.co/api/resolve-cache/models/Fyiras/network-security-model/aad62b7229c765d0e23d0c33780d131bfaeac11b/latest.json "HTTP/1.1 200 OK"
[2026-04-16 22:55:54,852] 1025 httpx - INFO - HTTP Request: HEAD https://huggingface.co/Fyiras/network-security-model/resolve/main/latest.json "HTTP/1.1 307 Temporary Redirect"
[2026-04-16 22:55:54,900] 1025 httpx - INFO - HTTP Request: HEAD https://huggingface.co/api/resolve-cache/models/Fyiras/network-security-model/aad62b7229c765d0e23d0c33780d131bfaeac11b/latest.json "HTTP/1.1 200 OK"
[2026-04-16 22:56:25,196] 1025 httpx - INFO - HTTP Request: HEAD https://huggingface.co/Fyiras/network-security-model/resolve/main/latest.json "HTTP/1.1 307 Temporary Redirect"
[2026-04-16 22:56:25,245] 1025 httpx - INFO - HTTP Request: HEAD https://huggingface.co/api/resolve-cache/models/Fyiras/network-security-model/aad62b7229c765d0e23d0c33780d131bfaeac11b/latest.json "HTTP/1.1 200 OK"
[2026-04-16 22:56:55,588] 1025 httpx - INFO - HTTP Request: HEAD https://huggingface.co/Fyiras/network-security-model/resolve/main/latest.json "HTTP/1.1 307 Temporary Redirect"
[2026-04-16 22:56:55,637] 1025 httpx - INFO - HTTP Request: HEAD https://huggingface.co/api/resolve-cache/models/Fyiras/network-security-model/aad62b7229c765d0e23d0c33780d131bfaeac11b/latest.json "HTTP/1.1 200 OK"
[2026-04-16 22:57:25,904] 1025 httpx - INFO - HTTP Request: HEAD https://huggingface.co/Fyiras/network-security-model/resolve/main/latest.json "HTTP/1.1 307 Temporary Redirect"
[2026-04-16 22:57:25,951] 1025 httpx - INFO - HTTP Request: HEAD https://huggingface.co/api/resolve-cache/models/Fyiras/network-security-model/aad62b7229c765d0e23d0c33780d131bfaeac11b/latest.json "HTTP/1.1 200 OK"
[2026-04-16 22:57:57,022] 1025 httpx - INFO - HTTP Request: HEAD https://huggingface.co/Fyiras/network-security-model/resolve/main/latest.json "HTTP/1.1 307 Temporary Redirect"
[2026-04-16 22:57:57,345] 1025 httpx - INFO - HTTP Request: HEAD https://huggingface.co/api/resolve-cache/models/Fyiras/network-security-model/aad62b7229c765d0e23d0c33780d131bfaeac11b/latest.json "HTTP/1.1 200 OK"
[2026-04-16 22:58:27,617] 1025 httpx - INFO - HTTP Request: HEAD https://huggingface.co/Fyiras/network-security-model/resolve/main/latest.json "HTTP/1.1 307 Temporary Redirect"
[2026-04-16 22:58:27,667] 1025 httpx - INFO - HTTP Request: HEAD https://huggingface.co/api/resolve-cache/models/Fyiras/network-security-model/aad62b7229c765d0e23d0c33780d131bfaeac11b/latest.json "HTTP/1.1 200 OK"
