[2026-04-16 23:12:42,695] 1025 httpx - INFO - HTTP Request: GET https://dagshub.com/api/v1/user "HTTP/1.1 200 OK"
[2026-04-16 23:12:42,703] 107 dagshub - INFO - Accessing as foued-firas
[2026-04-16 23:12:43,354] 1025 httpx - INFO - HTTP Request: GET https://dagshub.com/api/v1/repos/foued-firas/-Network-Security-System "HTTP/1.1 200 OK"
[2026-04-16 23:12:43,987] 1025 httpx - INFO - HTTP Request: GET https://dagshub.com/api/v1/user "HTTP/1.1 200 OK"
[2026-04-16 23:12:43,988] 107 dagshub - INFO - Initialized MLflow to track repo "foued-firas/-Network-Security-System"
[2026-04-16 23:12:43,990] 107 dagshub - INFO - Repository foued-firas/-Network-Security-System initialized!
[2026-04-16 23:12:44,321] 1025 httpx - INFO - HTTP Request: HEAD https://huggingface.co/Fyiras/network-security-model/resolve/main/latest.json "HTTP/1.1 307 Temporary Redirect"
[2026-04-16 23:12:44,370] 1025 httpx - INFO - HTTP Request: HEAD https://huggingface.co/api/resolve-cache/models/Fyiras/network-security-model/aad62b7229c765d0e23d0c33780d131bfaeac11b/latest.json "HTTP/1.1 200 OK"
[2026-04-16 23:12:44,537] 1025 httpx - INFO - HTTP Request: HEAD https://huggingface.co/Fyiras/network-security-model/resolve/main/model_20260416_175635.pkl "HTTP/1.1 302 Found"
[2026-04-16 23:12:44,714] 1025 httpx - INFO - HTTP Request: HEAD https://huggingface.co/Fyiras/network-security-model/resolve/main/preprocessor_20260416_175635.pkl "HTTP/1.1 302 Found"
[2026-04-16 23:13:15,217] 1025 httpx - INFO - HTTP Request: HEAD https://huggingface.co/Fyiras/network-security-model/resolve/main/latest.json "HTTP/1.1 307 Temporary Redirect"
[2026-04-16 23:13:15,265] 1025 httpx - INFO - HTTP Request: HEAD https://huggingface.co/api/resolve-cache/models/Fyiras/network-security-model/aad62b7229c765d0e23d0c33780d131bfaeac11b/latest.json "HTTP/1.1 200 OK"
[2026-04-16 23:13:45,553] 1025 httpx - INFO - HTTP Request: HEAD https://huggingface.co/Fyiras/network-security-model/resolve/main/latest.json "HTTP/1.1 307 Temporary Redirect"
[2026-04-16 23:13:45,602] 1025 httpx - INFO - HTTP Request: HEAD https://huggingface.co/api/resolve-cache/models/Fyiras/network-security-model/aad62b7229c765d0e23d0c33780d131bfaeac11b/latest.json "HTTP/1.1 200 OK"
[2026-04-16 23:14:17,028] 1025 httpx - INFO - HTTP Request: HEAD https://huggingface.co/Fyiras/network-security-model/resolve/main/latest.json "HTTP/1.1 307 Temporary Redirect"
[2026-04-16 23:14:17,077] 1025 httpx - INFO - HTTP Request: HEAD https://huggingface.co/api/resolve-cache/models/Fyiras/network-security-model/aad62b7229c765d0e23d0c33780d131bfaeac11b/latest.json "HTTP/1.1 200 OK"
[2026-04-16 23:14:47,368] 1025 httpx - INFO - HTTP Request: HEAD https://huggingface.co/Fyiras/network-security-model/resolve/main/latest.json "HTTP/1.1 307 Temporary Redirect"
[2026-04-16 23:14:47,425] 1025 httpx - INFO - HTTP Request: HEAD https://huggingface.co/api/resolve-cache/models/Fyiras/network-security-model/aad62b7229c765d0e23d0c33780d131bfaeac11b/latest.json "HTTP/1.1 200 OK"
[2026-04-16 23:15:17,757] 1025 httpx - INFO - HTTP Request: HEAD https://huggingface.co/Fyiras/network-security-model/resolve/main/latest.json "HTTP/1.1 307 Temporary Redirect"
[2026-04-16 23:15:17,812] 1025 httpx - INFO - HTTP Request: HEAD https://huggingface.co/api/resolve-cache/models/Fyiras/network-security-model/aad62b7229c765d0e23d0c33780d131bfaeac11b/latest.json "HTTP/1.1 200 OK"
[2026-04-16 23:15:29,318] 1025 httpx - INFO - HTTP Request: GET https://huggingface.co/api/models/Fyiras/network-security-model/tree/main?recursive=true&expand=false "HTTP/1.1 200 OK"
[2026-04-16 23:15:29,486] 1025 httpx - INFO - HTTP Request: HEAD https://huggingface.co/Fyiras/network-security-model/resolve/main/metadata_20260416_175635.json "HTTP/1.1 404 Not Found"
[2026-04-16 23:15:29,655] 1025 httpx - INFO - HTTP Request: HEAD https://huggingface.co/Fyiras/network-security-model/resolve/main/metadata_20260416_172643.json "HTTP/1.1 404 Not Found"
[2026-04-16 23:15:29,822] 1025 httpx - INFO - HTTP Request: HEAD https://huggingface.co/Fyiras/network-security-model/resolve/main/metadata_20260416_171656.json "HTTP/1.1 404 Not Found"
[2026-04-16 23:15:29,987] 1025 httpx - INFO - HTTP Request: HEAD https://huggingface.co/Fyiras/network-security-model/resolve/main/metadata_20260416_170706.json "HTTP/1.1 404 Not Found"
[2026-04-16 23:15:48,090] 1025 httpx - INFO - HTTP Request: HEAD https://huggingface.co/Fyiras/network-security-model/resolve/main/latest.json "HTTP/1.1 307 Temporary Redirect"
[2026-04-16 23:15:48,138] 1025 httpx - INFO - HTTP Request: HEAD https://huggingface.co/api/resolve-cache/models/Fyiras/network-security-model/aad62b7229c765d0e23d0c33780d131bfaeac11b/latest.json "HTTP/1.1 200 OK"
[2026-04-16 23:16:18,482] 1025 httpx - INFO - HTTP Request: HEAD https://huggingface.co/Fyiras/network-security-model/resolve/main/latest.json "HTTP/1.1 307 Temporary Redirect"
[2026-04-16 23:16:18,536] 1025 httpx - INFO - HTTP Request: HEAD https://huggingface.co/api/resolve-cache/models/Fyiras/network-security-model/aad62b7229c765d0e23d0c33780d131bfaeac11b/latest.json "HTTP/1.1 200 OK"
[2026-04-16 23:16:48,827] 1025 httpx - INFO - HTTP Request: HEAD https://huggingface.co/Fyiras/network-security-model/resolve/main/latest.json "HTTP/1.1 307 Temporary Redirect"
[2026-04-16 23:16:48,876] 1025 httpx - INFO - HTTP Request: HEAD https://huggingface.co/api/resolve-cache/models/Fyiras/network-security-model/aad62b7229c765d0e23d0c33780d131bfaeac11b/latest.json "HTTP/1.1 200 OK"
[2026-04-16 23:17:19,197] 1025 httpx - INFO - HTTP Request: HEAD https://huggingface.co/Fyiras/network-security-model/resolve/main/latest.json "HTTP/1.1 307 Temporary Redirect"
[2026-04-16 23:17:19,246] 1025 httpx - INFO - HTTP Request: HEAD https://huggingface.co/api/resolve-cache/models/Fyiras/network-security-model/aad62b7229c765d0e23d0c33780d131bfaeac11b/latest.json "HTTP/1.1 200 OK"
[2026-04-16 23:17:49,519] 1025 httpx - INFO - HTTP Request: HEAD https://huggingface.co/Fyiras/network-security-model/resolve/main/latest.json "HTTP/1.1 307 Temporary Redirect"
[2026-04-16 23:17:49,582] 1025 httpx - INFO - HTTP Request: HEAD https://huggingface.co/api/resolve-cache/models/Fyiras/network-security-model/aad62b7229c765d0e23d0c33780d131bfaeac11b/latest.json "HTTP/1.1 200 OK"
[2026-04-16 23:18:19,912] 1025 httpx - INFO - HTTP Request: HEAD https://huggingface.co/Fyiras/network-security-model/resolve/main/latest.json "HTTP/1.1 307 Temporary Redirect"
[2026-04-16 23:18:19,961] 1025 httpx - INFO - HTTP Request: HEAD https://huggingface.co/api/resolve-cache/models/Fyiras/network-security-model/aad62b7229c765d0e23d0c33780d131bfaeac11b/latest.json "HTTP/1.1 200 OK"
[2026-04-16 23:18:50,657] 1025 httpx - INFO - HTTP Request: HEAD https://huggingface.co/Fyiras/network-security-model/resolve/main/latest.json "HTTP/1.1 307 Temporary Redirect"
[2026-04-16 23:18:50,838] 1025 httpx - INFO - HTTP Request: HEAD https://huggingface.co/api/resolve-cache/models/Fyiras/network-security-model/aad62b7229c765d0e23d0c33780d131bfaeac11b/latest.json "HTTP/1.1 200 OK"
