[2026-04-17 13:07:01,721] 1025 httpx - INFO - HTTP Request: GET https://dagshub.com/api/v1/user "HTTP/1.1 200 OK"
[2026-04-17 13:07:01,730] 107 dagshub - INFO - Accessing as foued-firas
[2026-04-17 13:07:03,771] 1025 httpx - INFO - HTTP Request: GET https://dagshub.com/api/v1/repos/foued-firas/-Network-Security-System "HTTP/1.1 200 OK"
[2026-04-17 13:07:05,359] 1025 httpx - INFO - HTTP Request: GET https://dagshub.com/api/v1/user "HTTP/1.1 200 OK"
[2026-04-17 13:07:05,362] 107 dagshub - INFO - Initialized MLflow to track repo "foued-firas/-Network-Security-System"
[2026-04-17 13:07:05,363] 107 dagshub - INFO - Repository foued-firas/-Network-Security-System initialized!
[2026-04-17 13:07:06,941] 1025 httpx - INFO - HTTP Request: HEAD https://huggingface.co/Fyiras/network-security-model/resolve/main/latest.json "HTTP/1.1 307 Temporary Redirect"
[2026-04-17 13:07:07,291] 1025 httpx - INFO - HTTP Request: HEAD https://huggingface.co/api/resolve-cache/models/Fyiras/network-security-model/f26a706da04319f296f3768d4d38666e258e2dec/latest.json "HTTP/1.1 200 OK"
[2026-04-17 13:07:07,745] 1025 httpx - INFO - HTTP Request: HEAD https://huggingface.co/Fyiras/network-security-model/resolve/main/model_20260417_020304.pkl "HTTP/1.1 302 Found"
[2026-04-17 13:07:08,339] 1025 httpx - INFO - HTTP Request: HEAD https://huggingface.co/Fyiras/network-security-model/resolve/main/preprocessor_20260417_020304.pkl "HTTP/1.1 302 Found"
[2026-04-17 13:07:30,098] 1025 httpx - INFO - HTTP Request: GET https://huggingface.co/api/models/Fyiras/network-security-model/tree/main?recursive=true&expand=false "HTTP/1.1 200 OK"
[2026-04-17 13:07:30,265] 1025 httpx - INFO - HTTP Request: GET https://huggingface.co/api/models/Fyiras/network-security-model/tree/main?recursive=true&expand=false "HTTP/1.1 200 OK"
[2026-04-17 13:07:30,856] 1025 httpx - INFO - HTTP Request: HEAD https://huggingface.co/Fyiras/network-security-model/resolve/main/metadata_20260417_020304.json "HTTP/1.1 307 Temporary Redirect"
[2026-04-17 13:07:31,057] 1025 httpx - INFO - HTTP Request: HEAD https://huggingface.co/api/resolve-cache/models/Fyiras/network-security-model/f26a706da04319f296f3768d4d38666e258e2dec/metadata_20260417_020304.json "HTTP/1.1 200 OK"
[2026-04-17 13:07:31,404] 1025 httpx - INFO - HTTP Request: HEAD https://huggingface.co/Fyiras/network-security-model/resolve/main/metadata_20260417_012327.json "HTTP/1.1 307 Temporary Redirect"
[2026-04-17 13:07:31,928] 1025 httpx - INFO - HTTP Request: HEAD https://huggingface.co/api/resolve-cache/models/Fyiras/network-security-model/f26a706da04319f296f3768d4d38666e258e2dec/metadata_20260417_012327.json "HTTP/1.1 200 OK"
[2026-04-17 13:07:32,313] 1025 httpx - INFO - HTTP Request: HEAD https://huggingface.co/Fyiras/network-security-model/resolve/main/metadata_20260416_235233.json "HTTP/1.1 307 Temporary Redirect"
[2026-04-17 13:07:32,392] 1025 httpx - INFO - HTTP Request: HEAD https://huggingface.co/api/resolve-cache/models/Fyiras/network-security-model/f26a706da04319f296f3768d4d38666e258e2dec/metadata_20260416_235233.json "HTTP/1.1 200 OK"
[2026-04-17 13:07:32,745] 1025 httpx - INFO - HTTP Request: HEAD https://huggingface.co/Fyiras/network-security-model/resolve/main/metadata_20260416_175635.json "HTTP/1.1 404 Not Found"
[2026-04-17 13:07:33,190] 1025 httpx - INFO - HTTP Request: HEAD https://huggingface.co/Fyiras/network-security-model/resolve/main/metadata_20260416_172643.json "HTTP/1.1 404 Not Found"
[2026-04-17 13:07:34,027] 1025 httpx - INFO - HTTP Request: HEAD https://huggingface.co/Fyiras/network-security-model/resolve/main/metadata_20260416_171656.json "HTTP/1.1 404 Not Found"
[2026-04-17 13:07:34,250] 1025 httpx - INFO - HTTP Request: HEAD https://huggingface.co/Fyiras/network-security-model/resolve/main/metadata_20260416_170706.json "HTTP/1.1 404 Not Found"
[2026-04-17 13:07:38,896] 1025 httpx - INFO - HTTP Request: HEAD https://huggingface.co/Fyiras/network-security-model/resolve/main/latest.json "HTTP/1.1 307 Temporary Redirect"
[2026-04-17 13:07:39,001] 1025 httpx - INFO - HTTP Request: HEAD https://huggingface.co/api/resolve-cache/models/Fyiras/network-security-model/f26a706da04319f296f3768d4d38666e258e2dec/latest.json "HTTP/1.1 200 OK"
[2026-04-17 13:08:00,017] 1025 httpx - INFO - HTTP Request: GET https://huggingface.co/api/models/Fyiras/network-security-model/tree/main?recursive=true&expand=false "HTTP/1.1 200 OK"
[2026-04-17 13:08:00,636] 1025 httpx - INFO - HTTP Request: GET https://huggingface.co/api/models/Fyiras/network-security-model/tree/main?recursive=true&expand=false "HTTP/1.1 200 OK"
[2026-04-17 13:08:01,176] 1025 httpx - INFO - HTTP Request: HEAD https://huggingface.co/Fyiras/network-security-model/resolve/main/metadata_20260417_020304.json "HTTP/1.1 307 Temporary Redirect"
[2026-04-17 13:08:01,246] 1025 httpx - INFO - HTTP Request: HEAD https://huggingface.co/api/resolve-cache/models/Fyiras/network-security-model/f26a706da04319f296f3768d4d38666e258e2dec/metadata_20260417_020304.json "HTTP/1.1 200 OK"
[2026-04-17 13:08:01,506] 1025 httpx - INFO - HTTP Request: HEAD https://huggingface.co/Fyiras/network-security-model/resolve/main/metadata_20260417_012327.json "HTTP/1.1 307 Temporary Redirect"
[2026-04-17 13:08:01,747] 1025 httpx - INFO - HTTP Request: HEAD https://huggingface.co/api/resolve-cache/models/Fyiras/network-security-model/f26a706da04319f296f3768d4d38666e258e2dec/metadata_20260417_012327.json "HTTP/1.1 200 OK"
[2026-04-17 13:08:02,157] 1025 httpx - INFO - HTTP Request: HEAD https://huggingface.co/Fyiras/network-security-model/resolve/main/metadata_20260416_235233.json "HTTP/1.1 307 Temporary Redirect"
[2026-04-17 13:08:02,496] 1025 httpx - INFO - HTTP Request: HEAD https://huggingface.co/api/resolve-cache/models/Fyiras/network-security-model/f26a706da04319f296f3768d4d38666e258e2dec/metadata_20260416_235233.json "HTTP/1.1 200 OK"
[2026-04-17 13:08:02,829] 1025 httpx - INFO - HTTP Request: HEAD https://huggingface.co/Fyiras/network-security-model/resolve/main/metadata_20260416_175635.json "HTTP/1.1 404 Not Found"
[2026-04-17 13:08:03,346] 1025 httpx - INFO - HTTP Request: HEAD https://huggingface.co/Fyiras/network-security-model/resolve/main/metadata_20260416_172643.json "HTTP/1.1 404 Not Found"
[2026-04-17 13:08:03,713] 1025 httpx - INFO - HTTP Request: HEAD https://huggingface.co/Fyiras/network-security-model/resolve/main/metadata_20260416_171656.json "HTTP/1.1 404 Not Found"
[2026-04-17 13:08:04,246] 1025 httpx - INFO - HTTP Request: HEAD https://huggingface.co/Fyiras/network-security-model/resolve/main/metadata_20260416_170706.json "HTTP/1.1 404 Not Found"
[2026-04-17 13:08:09,370] 1025 httpx - INFO - HTTP Request: HEAD https://huggingface.co/Fyiras/network-security-model/resolve/main/latest.json "HTTP/1.1 307 Temporary Redirect"
[2026-04-17 13:08:09,713] 1025 httpx - INFO - HTTP Request: HEAD https://huggingface.co/api/resolve-cache/models/Fyiras/network-security-model/f26a706da04319f296f3768d4d38666e258e2dec/latest.json "HTTP/1.1 200 OK"
