[2026-04-16 17:51:20,546] 1025 httpx - INFO - HTTP Request: GET https://dagshub.com/api/v1/user "HTTP/1.1 200 OK"
[2026-04-16 17:51:20,555] 107 dagshub - INFO - Accessing as foued-firas
[2026-04-16 17:51:21,192] 1025 httpx - INFO - HTTP Request: GET https://dagshub.com/api/v1/repos/foued-firas/-Network-Security-System "HTTP/1.1 200 OK"
[2026-04-16 17:51:21,576] 1025 httpx - INFO - HTTP Request: GET https://dagshub.com/api/v1/user "HTTP/1.1 200 OK"
[2026-04-16 17:51:21,577] 107 dagshub - INFO - Initialized MLflow to track repo "foued-firas/-Network-Security-System"
[2026-04-16 17:51:21,578] 107 dagshub - INFO - Repository foued-firas/-Network-Security-System initialized!
[2026-04-16 17:51:21,996] 1025 httpx - INFO - HTTP Request: HEAD https://huggingface.co/Fyiras/network-security-model/resolve/main/latest.json "HTTP/1.1 404 Not Found"
[2026-04-16 17:51:35,559] 121 root - INFO - Start data Ingestion
[2026-04-16 17:51:49,764] 68 root - INFO - Performed train test split on the dataframe
[2026-04-16 17:51:49,764] 70 root - INFO - Exited split_data_as_train_test method of Data_Ingestion class
[2026-04-16 17:51:49,765] 78 root - INFO - Exporting train and test file path.
[2026-04-16 17:51:49,814] 87 root - INFO - Exported train and test file path.
[2026-04-16 17:51:49,815] 124 root - INFO - Data Ingestion completed and artifact: DataIngestionArtifact(trained_file_path='artifacts\\04_16_2026_17_51_17\\data_ingestion\\ingested\\train.csv', test_file_path='artifacts\\04_16_2026_17_51_17\\data_ingestion\\ingested\\test.csv')
[2026-04-16 17:51:49,821] 134 root - INFO - Initiate the data Validation
[2026-04-16 17:51:49,864] 34 root - INFO - Required number of columns: 31
[2026-04-16 17:51:49,864] 35 root - INFO - Data frame has columns: 31
[2026-04-16 17:51:49,866] 110 root - INFO - Train dataset validation passed
[2026-04-16 17:51:49,866] 34 root - INFO - Required number of columns: 31
[2026-04-16 17:51:49,866] 35 root - INFO - Data frame has columns: 31
[2026-04-16 17:51:49,868] 117 root - INFO - Test dataset validation passed
[2026-04-16 17:51:49,991] 65 root - INFO - Entered initiate_data_transformation method of DataTransformation class
[2026-04-16 17:51:49,991] 67 root - INFO - Starting data transformation
[2026-04-16 17:51:50,010] 50 root - INFO - Entered get_data_trnasformer_object method of Trnasformation class
[2026-04-16 17:51:50,010] 55 root - INFO - Initialise KNNImputer with {'missing_values': nan, 'n_neighbors': 3, 'weights': 'uniform'}
[2026-04-16 17:51:50,022] 45 root - INFO - Entered the save_object method of MainUtils class
[2026-04-16 17:51:50,025] 49 root - INFO - Exited the save_object method of MainUtils class
[2026-04-16 17:51:50,025] 45 root - INFO - Entered the save_object method of MainUtils class
[2026-04-16 17:51:50,027] 49 root - INFO - Exited the save_object method of MainUtils class
[2026-04-16 17:56:35,411] 45 root - INFO - Entered the save_object method of MainUtils class
[2026-04-16 17:56:35,453] 49 root - INFO - Exited the save_object method of MainUtils class
[2026-04-16 17:56:35,453] 45 root - INFO - Entered the save_object method of MainUtils class
[2026-04-16 17:56:35,527] 49 root - INFO - Exited the save_object method of MainUtils class
[2026-04-16 17:56:35,528] 122 root - INFO - Model trainer artifact: ModelTrainerArtifact(trained_model_file_path='artifacts\\04_16_2026_17_51_17\\model_trainer\\trained_model\\model.pkl', train_metric_artifact=ClassificationMetricArtifact(f1_score=0.9917121487770366, precision_score=0.988714228133817, recall_score=0.994728304947283), test_metric_artifact=ClassificationMetricArtifact(f1_score=0.9765751211631664, precision_score=0.9664268585131894, recall_score=0.986938775510204))
[2026-04-16 17:56:35,854] 1025 httpx - INFO - HTTP Request: POST https://huggingface.co/api/repos/create "HTTP/1.1 409 Conflict"
[2026-04-16 17:56:36,063] 1025 httpx - INFO - HTTP Request: POST https://huggingface.co/api/models/Fyiras/network-security-model/preupload/main "HTTP/1.1 200 OK"
[2026-04-16 17:56:36,238] 1025 httpx - INFO - HTTP Request: POST https://huggingface.co/Fyiras/network-security-model.git/info/lfs/objects/batch "HTTP/1.1 200 OK"
[2026-04-16 17:56:36,410] 1025 httpx - INFO - HTTP Request: GET https://huggingface.co/api/models/Fyiras/network-security-model/xet-write-token/main "HTTP/1.1 200 OK"
[2026-04-16 17:56:55,996] 1025 httpx - INFO - HTTP Request: POST https://huggingface.co/api/models/Fyiras/network-security-model/commit/main "HTTP/1.1 200 OK"
[2026-04-16 17:56:56,318] 1025 httpx - INFO - HTTP Request: POST https://huggingface.co/api/models/Fyiras/network-security-model/preupload/main "HTTP/1.1 200 OK"
[2026-04-16 17:56:56,587] 1025 httpx - INFO - HTTP Request: POST https://huggingface.co/Fyiras/network-security-model.git/info/lfs/objects/batch "HTTP/1.1 200 OK"
[2026-04-16 17:56:58,629] 1025 httpx - INFO - HTTP Request: POST https://huggingface.co/api/models/Fyiras/network-security-model/commit/main "HTTP/1.1 200 OK"
[2026-04-16 17:56:58,856] 1025 httpx - INFO - HTTP Request: POST https://huggingface.co/api/models/Fyiras/network-security-model/preupload/main "HTTP/1.1 200 OK"
[2026-04-16 17:56:59,365] 1025 httpx - INFO - HTTP Request: POST https://huggingface.co/api/models/Fyiras/network-security-model/commit/main "HTTP/1.1 200 OK"
[2026-04-16 17:56:59,541] 1025 httpx - INFO - HTTP Request: HEAD https://huggingface.co/Fyiras/network-security-model/resolve/main/latest.json "HTTP/1.1 307 Temporary Redirect"
[2026-04-16 17:56:59,726] 1025 httpx - INFO - HTTP Request: HEAD https://huggingface.co/api/resolve-cache/models/Fyiras/network-security-model/aad62b7229c765d0e23d0c33780d131bfaeac11b/latest.json "HTTP/1.1 200 OK"
[2026-04-16 17:56:59,922] 1025 httpx - INFO - HTTP Request: GET https://huggingface.co/api/resolve-cache/models/Fyiras/network-security-model/aad62b7229c765d0e23d0c33780d131bfaeac11b/latest.json "HTTP/1.1 200 OK"
[2026-04-16 17:57:00,105] 1025 httpx - INFO - HTTP Request: HEAD https://huggingface.co/Fyiras/network-security-model/resolve/main/model_20260416_175635.pkl "HTTP/1.1 302 Found"
[2026-04-16 17:57:00,275] 1025 httpx - INFO - HTTP Request: GET https://huggingface.co/api/models/Fyiras/network-security-model/xet-read-token/aad62b7229c765d0e23d0c33780d131bfaeac11b "HTTP/1.1 200 OK"
[2026-04-16 17:57:06,158] 1025 httpx - INFO - HTTP Request: HEAD https://huggingface.co/Fyiras/network-security-model/resolve/main/preprocessor_20260416_175635.pkl "HTTP/1.1 302 Found"
