[2026-04-16 23:05:20,353] 1025 httpx - INFO - HTTP Request: GET https://dagshub.com/api/v1/user "HTTP/1.1 200 OK"
[2026-04-16 23:05:20,362] 107 dagshub - INFO - Accessing as foued-firas
[2026-04-16 23:05:21,005] 1025 httpx - INFO - HTTP Request: GET https://dagshub.com/api/v1/repos/foued-firas/-Network-Security-System "HTTP/1.1 200 OK"
[2026-04-16 23:05:21,709] 1025 httpx - INFO - HTTP Request: GET https://dagshub.com/api/v1/user "HTTP/1.1 200 OK"
[2026-04-16 23:05:21,711] 107 dagshub - INFO - Initialized MLflow to track repo "foued-firas/-Network-Security-System"
[2026-04-16 23:05:21,712] 107 dagshub - INFO - Repository foued-firas/-Network-Security-System initialized!
[2026-04-16 23:05:22,069] 1025 httpx - INFO - HTTP Request: HEAD https://huggingface.co/Fyiras/network-security-model/resolve/main/latest.json "HTTP/1.1 307 Temporary Redirect"
[2026-04-16 23:05:22,119] 1025 httpx - INFO - HTTP Request: HEAD https://huggingface.co/api/resolve-cache/models/Fyiras/network-security-model/aad62b7229c765d0e23d0c33780d131bfaeac11b/latest.json "HTTP/1.1 200 OK"
[2026-04-16 23:05:22,290] 1025 httpx - INFO - HTTP Request: HEAD https://huggingface.co/Fyiras/network-security-model/resolve/main/model_20260416_175635.pkl "HTTP/1.1 302 Found"
[2026-04-16 23:05:22,478] 1025 httpx - INFO - HTTP Request: HEAD https://huggingface.co/Fyiras/network-security-model/resolve/main/preprocessor_20260416_175635.pkl "HTTP/1.1 302 Found"
[2026-04-16 23:05:53,103] 1025 httpx - INFO - HTTP Request: HEAD https://huggingface.co/Fyiras/network-security-model/resolve/main/latest.json "HTTP/1.1 307 Temporary Redirect"
[2026-04-16 23:05:53,152] 1025 httpx - INFO - HTTP Request: HEAD https://huggingface.co/api/resolve-cache/models/Fyiras/network-security-model/aad62b7229c765d0e23d0c33780d131bfaeac11b/latest.json "HTTP/1.1 200 OK"
[2026-04-16 23:06:17,515] 1025 httpx - INFO - HTTP Request: GET https://huggingface.co/api/models/Fyiras/network-security-model/tree/main?recursive=true&expand=false "HTTP/1.1 200 OK"
[2026-04-16 23:06:17,720] 1025 httpx - INFO - HTTP Request: HEAD https://huggingface.co/Fyiras/network-security-model/resolve/main/metadata_20260416_175635.json "HTTP/1.1 404 Not Found"
[2026-04-16 23:06:17,896] 1025 httpx - INFO - HTTP Request: HEAD https://huggingface.co/Fyiras/network-security-model/resolve/main/metadata_20260416_172643.json "HTTP/1.1 404 Not Found"
[2026-04-16 23:06:18,076] 1025 httpx - INFO - HTTP Request: HEAD https://huggingface.co/Fyiras/network-security-model/resolve/main/metadata_20260416_171656.json "HTTP/1.1 404 Not Found"
[2026-04-16 23:06:18,244] 1025 httpx - INFO - HTTP Request: HEAD https://huggingface.co/Fyiras/network-security-model/resolve/main/metadata_20260416_170706.json "HTTP/1.1 404 Not Found"
[2026-04-16 23:06:23,335] 1025 httpx - INFO - HTTP Request: HEAD https://huggingface.co/Fyiras/network-security-model/resolve/main/latest.json "HTTP/1.1 307 Temporary Redirect"
[2026-04-16 23:06:23,385] 1025 httpx - INFO - HTTP Request: HEAD https://huggingface.co/api/resolve-cache/models/Fyiras/network-security-model/aad62b7229c765d0e23d0c33780d131bfaeac11b/latest.json "HTTP/1.1 200 OK"
[2026-04-16 23:06:54,445] 1025 httpx - INFO - HTTP Request: HEAD https://huggingface.co/Fyiras/network-security-model/resolve/main/latest.json "HTTP/1.1 307 Temporary Redirect"
[2026-04-16 23:06:54,731] 1025 httpx - INFO - HTTP Request: HEAD https://huggingface.co/api/resolve-cache/models/Fyiras/network-security-model/aad62b7229c765d0e23d0c33780d131bfaeac11b/latest.json "HTTP/1.1 200 OK"
[2026-04-16 23:07:24,994] 1025 httpx - INFO - HTTP Request: HEAD https://huggingface.co/Fyiras/network-security-model/resolve/main/latest.json "HTTP/1.1 307 Temporary Redirect"
[2026-04-16 23:07:25,042] 1025 httpx - INFO - HTTP Request: HEAD https://huggingface.co/api/resolve-cache/models/Fyiras/network-security-model/aad62b7229c765d0e23d0c33780d131bfaeac11b/latest.json "HTTP/1.1 200 OK"
[2026-04-16 23:07:55,372] 1025 httpx - INFO - HTTP Request: HEAD https://huggingface.co/Fyiras/network-security-model/resolve/main/latest.json "HTTP/1.1 307 Temporary Redirect"
[2026-04-16 23:07:55,420] 1025 httpx - INFO - HTTP Request: HEAD https://huggingface.co/api/resolve-cache/models/Fyiras/network-security-model/aad62b7229c765d0e23d0c33780d131bfaeac11b/latest.json "HTTP/1.1 200 OK"
[2026-04-16 23:08:25,689] 1025 httpx - INFO - HTTP Request: HEAD https://huggingface.co/Fyiras/network-security-model/resolve/main/latest.json "HTTP/1.1 307 Temporary Redirect"
[2026-04-16 23:08:25,748] 1025 httpx - INFO - HTTP Request: HEAD https://huggingface.co/api/resolve-cache/models/Fyiras/network-security-model/aad62b7229c765d0e23d0c33780d131bfaeac11b/latest.json "HTTP/1.1 200 OK"
