[2026-04-17 01:57:48,676] 1025 httpx - INFO - HTTP Request: GET https://dagshub.com/api/v1/user "HTTP/1.1 200 OK"
[2026-04-17 01:57:48,686] 107 dagshub - INFO - Accessing as foued-firas
[2026-04-17 01:57:49,366] 1025 httpx - INFO - HTTP Request: GET https://dagshub.com/api/v1/repos/foued-firas/-Network-Security-System "HTTP/1.1 200 OK"
[2026-04-17 01:57:50,049] 1025 httpx - INFO - HTTP Request: GET https://dagshub.com/api/v1/user "HTTP/1.1 200 OK"
[2026-04-17 01:57:50,051] 107 dagshub - INFO - Initialized MLflow to track repo "foued-firas/-Network-Security-System"
[2026-04-17 01:57:50,052] 107 dagshub - INFO - Repository foued-firas/-Network-Security-System initialized!
[2026-04-17 01:57:50,423] 1025 httpx - INFO - HTTP Request: HEAD https://huggingface.co/Fyiras/network-security-model/resolve/main/latest.json "HTTP/1.1 307 Temporary Redirect"
[2026-04-17 01:57:50,476] 1025 httpx - INFO - HTTP Request: HEAD https://huggingface.co/api/resolve-cache/models/Fyiras/network-security-model/37ea56c48e4d75bdca070052862b97fa436b22f9/latest.json "HTTP/1.1 200 OK"
[2026-04-17 01:57:50,649] 1025 httpx - INFO - HTTP Request: HEAD https://huggingface.co/Fyiras/network-security-model/resolve/main/model_20260417_012327.pkl "HTTP/1.1 302 Found"
[2026-04-17 01:57:50,825] 1025 httpx - INFO - HTTP Request: HEAD https://huggingface.co/Fyiras/network-security-model/resolve/main/preprocessor_20260417_012327.pkl "HTTP/1.1 302 Found"
[2026-04-17 01:58:21,744] 1025 httpx - INFO - HTTP Request: HEAD https://huggingface.co/Fyiras/network-security-model/resolve/main/latest.json "HTTP/1.1 307 Temporary Redirect"
[2026-04-17 01:58:22,078] 1025 httpx - INFO - HTTP Request: HEAD https://huggingface.co/api/resolve-cache/models/Fyiras/network-security-model/37ea56c48e4d75bdca070052862b97fa436b22f9/latest.json "HTTP/1.1 200 OK"
[2026-04-17 01:58:52,405] 1025 httpx - INFO - HTTP Request: HEAD https://huggingface.co/Fyiras/network-security-model/resolve/main/latest.json "HTTP/1.1 307 Temporary Redirect"
[2026-04-17 01:58:52,453] 1025 httpx - INFO - HTTP Request: HEAD https://huggingface.co/api/resolve-cache/models/Fyiras/network-security-model/37ea56c48e4d75bdca070052862b97fa436b22f9/latest.json "HTTP/1.1 200 OK"
[2026-04-17 01:58:53,989] 1025 httpx - INFO - HTTP Request: GET https://huggingface.co/api/models/Fyiras/network-security-model/tree/main?recursive=true&expand=false "HTTP/1.1 200 OK"
[2026-04-17 01:58:54,111] 1025 httpx - INFO - HTTP Request: GET https://huggingface.co/api/models/Fyiras/network-security-model/tree/main?recursive=true&expand=false "HTTP/1.1 200 OK"
[2026-04-17 01:58:54,156] 1025 httpx - INFO - HTTP Request: HEAD https://huggingface.co/Fyiras/network-security-model/resolve/main/metadata_20260417_012327.json "HTTP/1.1 307 Temporary Redirect"
[2026-04-17 01:58:54,261] 1025 httpx - INFO - HTTP Request: HEAD https://huggingface.co/api/resolve-cache/models/Fyiras/network-security-model/37ea56c48e4d75bdca070052862b97fa436b22f9/metadata_20260417_012327.json "HTTP/1.1 200 OK"
[2026-04-17 01:58:54,375] 1025 httpx - INFO - HTTP Request: GET https://huggingface.co/api/models/Fyiras/network-security-model/tree/main?recursive=true&expand=false "HTTP/1.1 200 OK"
[2026-04-17 01:58:54,433] 1025 httpx - INFO - HTTP Request: HEAD https://huggingface.co/Fyiras/network-security-model/resolve/main/metadata_20260416_235233.json "HTTP/1.1 307 Temporary Redirect"
[2026-04-17 01:58:54,509] 1025 httpx - INFO - HTTP Request: HEAD https://huggingface.co/api/resolve-cache/models/Fyiras/network-security-model/37ea56c48e4d75bdca070052862b97fa436b22f9/metadata_20260416_235233.json "HTTP/1.1 200 OK"
[2026-04-17 01:58:54,684] 1025 httpx - INFO - HTTP Request: HEAD https://huggingface.co/Fyiras/network-security-model/resolve/main/metadata_20260416_175635.json "HTTP/1.1 404 Not Found"
[2026-04-17 01:58:54,869] 1025 httpx - INFO - HTTP Request: HEAD https://huggingface.co/Fyiras/network-security-model/resolve/main/metadata_20260416_172643.json "HTTP/1.1 404 Not Found"
[2026-04-17 01:58:55,038] 1025 httpx - INFO - HTTP Request: HEAD https://huggingface.co/Fyiras/network-security-model/resolve/main/metadata_20260416_171656.json "HTTP/1.1 404 Not Found"
[2026-04-17 01:58:55,202] 1025 httpx - INFO - HTTP Request: HEAD https://huggingface.co/Fyiras/network-security-model/resolve/main/metadata_20260416_170706.json "HTTP/1.1 404 Not Found"
[2026-04-17 01:58:55,383] 1025 httpx - INFO - HTTP Request: GET https://huggingface.co/api/models/Fyiras/network-security-model/tree/main?recursive=true&expand=false "HTTP/1.1 200 OK"
[2026-04-17 01:58:55,554] 1025 httpx - INFO - HTTP Request: HEAD https://huggingface.co/Fyiras/network-security-model/resolve/main/metadata_20260417_012327.json "HTTP/1.1 307 Temporary Redirect"
[2026-04-17 01:58:55,603] 1025 httpx - INFO - HTTP Request: HEAD https://huggingface.co/api/resolve-cache/models/Fyiras/network-security-model/37ea56c48e4d75bdca070052862b97fa436b22f9/metadata_20260417_012327.json "HTTP/1.1 200 OK"
[2026-04-17 01:58:55,788] 1025 httpx - INFO - HTTP Request: HEAD https://huggingface.co/Fyiras/network-security-model/resolve/main/metadata_20260416_235233.json "HTTP/1.1 307 Temporary Redirect"
[2026-04-17 01:58:55,863] 1025 httpx - INFO - HTTP Request: HEAD https://huggingface.co/api/resolve-cache/models/Fyiras/network-security-model/37ea56c48e4d75bdca070052862b97fa436b22f9/metadata_20260416_235233.json "HTTP/1.1 200 OK"
[2026-04-17 01:58:56,034] 1025 httpx - INFO - HTTP Request: HEAD https://huggingface.co/Fyiras/network-security-model/resolve/main/metadata_20260416_175635.json "HTTP/1.1 404 Not Found"
[2026-04-17 01:58:56,198] 1025 httpx - INFO - HTTP Request: HEAD https://huggingface.co/Fyiras/network-security-model/resolve/main/metadata_20260416_172643.json "HTTP/1.1 404 Not Found"
[2026-04-17 01:58:56,369] 1025 httpx - INFO - HTTP Request: HEAD https://huggingface.co/Fyiras/network-security-model/resolve/main/metadata_20260416_171656.json "HTTP/1.1 404 Not Found"
[2026-04-17 01:58:56,536] 1025 httpx - INFO - HTTP Request: HEAD https://huggingface.co/Fyiras/network-security-model/resolve/main/metadata_20260416_170706.json "HTTP/1.1 404 Not Found"
[2026-04-17 01:59:06,080] 1025 httpx - INFO - HTTP Request: GET https://huggingface.co/api/models/Fyiras/network-security-model/tree/main?recursive=true&expand=false "HTTP/1.1 200 OK"
[2026-04-17 01:59:06,250] 1025 httpx - INFO - HTTP Request: GET https://huggingface.co/api/models/Fyiras/network-security-model/tree/main?recursive=true&expand=false "HTTP/1.1 200 OK"
[2026-04-17 01:59:16,835] 117 root - INFO - Starting Data Ingestion
[2026-04-17 01:59:22,730] 1025 httpx - INFO - HTTP Request: HEAD https://huggingface.co/Fyiras/network-security-model/resolve/main/latest.json "HTTP/1.1 307 Temporary Redirect"
[2026-04-17 01:59:22,784] 1025 httpx - INFO - HTTP Request: HEAD https://huggingface.co/api/resolve-cache/models/Fyiras/network-security-model/37ea56c48e4d75bdca070052862b97fa436b22f9/latest.json "HTTP/1.1 200 OK"
[2026-04-17 01:59:23,501] 68 root - INFO - Performed train test split on the dataframe
[2026-04-17 01:59:23,501] 70 root - INFO - Exited split_data_as_train_test method of Data_Ingestion class
[2026-04-17 01:59:23,501] 78 root - INFO - Exporting train and test file path.
[2026-04-17 01:59:23,565] 87 root - INFO - Exported train and test file path.
[2026-04-17 01:59:23,743] 34 root - INFO - Required number of columns: 31
[2026-04-17 01:59:23,743] 35 root - INFO - Data frame has columns: 31
[2026-04-17 01:59:23,744] 110 root - INFO - Train dataset validation passed
[2026-04-17 01:59:23,744] 34 root - INFO - Required number of columns: 31
[2026-04-17 01:59:23,744] 35 root - INFO - Data frame has columns: 31
[2026-04-17 01:59:23,745] 117 root - INFO - Test dataset validation passed
[2026-04-17 01:59:24,012] 65 root - INFO - Entered initiate_data_transformation method of DataTransformation class
[2026-04-17 01:59:24,012] 67 root - INFO - Starting data transformation
[2026-04-17 01:59:24,032] 50 root - INFO - Entered get_data_trnasformer_object method of Trnasformation class
[2026-04-17 01:59:24,032] 55 root - INFO - Initialise KNNImputer with {'missing_values': nan, 'n_neighbors': 3, 'weights': 'uniform'}
[2026-04-17 01:59:24,095] 45 root - INFO - Entered the save_object method of MainUtils class
[2026-04-17 01:59:24,096] 49 root - INFO - Exited the save_object method of MainUtils class
[2026-04-17 01:59:24,098] 45 root - INFO - Entered the save_object method of MainUtils class
[2026-04-17 01:59:24,099] 49 root - INFO - Exited the save_object method of MainUtils class
[2026-04-17 01:59:53,248] 1025 httpx - INFO - HTTP Request: HEAD https://huggingface.co/Fyiras/network-security-model/resolve/main/latest.json "HTTP/1.1 307 Temporary Redirect"
[2026-04-17 01:59:53,300] 1025 httpx - INFO - HTTP Request: HEAD https://huggingface.co/api/resolve-cache/models/Fyiras/network-security-model/37ea56c48e4d75bdca070052862b97fa436b22f9/latest.json "HTTP/1.1 200 OK"
[2026-04-17 02:00:23,784] 1025 httpx - INFO - HTTP Request: HEAD https://huggingface.co/Fyiras/network-security-model/resolve/main/latest.json "HTTP/1.1 307 Temporary Redirect"
[2026-04-17 02:00:23,840] 1025 httpx - INFO - HTTP Request: HEAD https://huggingface.co/api/resolve-cache/models/Fyiras/network-security-model/37ea56c48e4d75bdca070052862b97fa436b22f9/latest.json "HTTP/1.1 200 OK"
[2026-04-17 02:00:54,273] 1025 httpx - INFO - HTTP Request: HEAD https://huggingface.co/Fyiras/network-security-model/resolve/main/latest.json "HTTP/1.1 307 Temporary Redirect"
[2026-04-17 02:00:54,656] 1025 httpx - INFO - HTTP Request: HEAD https://huggingface.co/api/resolve-cache/models/Fyiras/network-security-model/37ea56c48e4d75bdca070052862b97fa436b22f9/latest.json "HTTP/1.1 200 OK"
[2026-04-17 02:01:24,944] 1025 httpx - INFO - HTTP Request: HEAD https://huggingface.co/Fyiras/network-security-model/resolve/main/latest.json "HTTP/1.1 307 Temporary Redirect"
[2026-04-17 02:01:24,998] 1025 httpx - INFO - HTTP Request: HEAD https://huggingface.co/api/resolve-cache/models/Fyiras/network-security-model/37ea56c48e4d75bdca070052862b97fa436b22f9/latest.json "HTTP/1.1 200 OK"
[2026-04-17 02:01:55,375] 1025 httpx - INFO - HTTP Request: HEAD https://huggingface.co/Fyiras/network-security-model/resolve/main/latest.json "HTTP/1.1 307 Temporary Redirect"
[2026-04-17 02:01:55,423] 1025 httpx - INFO - HTTP Request: HEAD https://huggingface.co/api/resolve-cache/models/Fyiras/network-security-model/37ea56c48e4d75bdca070052862b97fa436b22f9/latest.json "HTTP/1.1 200 OK"
[2026-04-17 02:02:25,689] 1025 httpx - INFO - HTTP Request: HEAD https://huggingface.co/Fyiras/network-security-model/resolve/main/latest.json "HTTP/1.1 307 Temporary Redirect"
[2026-04-17 02:02:25,737] 1025 httpx - INFO - HTTP Request: HEAD https://huggingface.co/api/resolve-cache/models/Fyiras/network-security-model/37ea56c48e4d75bdca070052862b97fa436b22f9/latest.json "HTTP/1.1 200 OK"
[2026-04-17 02:02:56,356] 1025 httpx - INFO - HTTP Request: HEAD https://huggingface.co/Fyiras/network-security-model/resolve/main/latest.json "HTTP/1.1 307 Temporary Redirect"
[2026-04-17 02:02:56,431] 1025 httpx - INFO - HTTP Request: HEAD https://huggingface.co/api/resolve-cache/models/Fyiras/network-security-model/37ea56c48e4d75bdca070052862b97fa436b22f9/latest.json "HTTP/1.1 200 OK"
[2026-04-17 02:03:03,734] 45 root - INFO - Entered the save_object method of MainUtils class
[2026-04-17 02:03:03,762] 49 root - INFO - Exited the save_object method of MainUtils class
[2026-04-17 02:03:03,763] 45 root - INFO - Entered the save_object method of MainUtils class
[2026-04-17 02:03:03,782] 49 root - INFO - Exited the save_object method of MainUtils class
[2026-04-17 02:03:03,782] 45 root - INFO - Entered the save_object method of MainUtils class
[2026-04-17 02:03:03,787] 49 root - INFO - Exited the save_object method of MainUtils class
[2026-04-17 02:03:03,787] 123 root - INFO - Model trainer artifact: ModelTrainerArtifact(trained_model_file_path='artifacts\\04_17_2026_01_57_45\\model_trainer\\trained_model\\model.pkl', train_metric_artifact=ClassificationMetricArtifact(f1_score=0.9916615822656091, precision_score=0.989448051948052, recall_score=0.9938850387280881), test_metric_artifact=ClassificationMetricArtifact(f1_score=0.9725646123260437, precision_score=0.9675632911392406, recall_score=0.9776179056754596))
[2026-04-17 02:03:03,791] 171 root - INFO - Pipeline completed in 227.0s. Syncing to HuggingFace...
[2026-04-17 02:03:04,073] 1025 httpx - INFO - HTTP Request: POST https://huggingface.co/api/repos/create "HTTP/1.1 409 Conflict"
[2026-04-17 02:03:04,387] 1025 httpx - INFO - HTTP Request: POST https://huggingface.co/api/models/Fyiras/network-security-model/preupload/main "HTTP/1.1 200 OK"
[2026-04-17 02:03:04,576] 1025 httpx - INFO - HTTP Request: POST https://huggingface.co/Fyiras/network-security-model.git/info/lfs/objects/batch "HTTP/1.1 200 OK"
[2026-04-17 02:03:07,520] 1025 httpx - INFO - HTTP Request: GET https://huggingface.co/api/models/Fyiras/network-security-model/xet-write-token/main "HTTP/1.1 200 OK"
[2026-04-17 02:03:20,761] 1025 httpx - INFO - HTTP Request: POST https://huggingface.co/api/models/Fyiras/network-security-model/commit/main "HTTP/1.1 200 OK"
[2026-04-17 02:03:21,072] 1025 httpx - INFO - HTTP Request: POST https://huggingface.co/api/models/Fyiras/network-security-model/preupload/main "HTTP/1.1 200 OK"
[2026-04-17 02:03:21,249] 1025 httpx - INFO - HTTP Request: POST https://huggingface.co/Fyiras/network-security-model.git/info/lfs/objects/batch "HTTP/1.1 200 OK"
[2026-04-17 02:03:23,331] 1025 httpx - INFO - HTTP Request: POST https://huggingface.co/api/models/Fyiras/network-security-model/commit/main "HTTP/1.1 200 OK"
[2026-04-17 02:03:23,560] 1025 httpx - INFO - HTTP Request: POST https://huggingface.co/api/models/Fyiras/network-security-model/preupload/main "HTTP/1.1 200 OK"
[2026-04-17 02:03:24,005] 1025 httpx - INFO - HTTP Request: POST https://huggingface.co/api/models/Fyiras/network-security-model/commit/main "HTTP/1.1 200 OK"
[2026-04-17 02:03:24,259] 1025 httpx - INFO - HTTP Request: POST https://huggingface.co/api/models/Fyiras/network-security-model/preupload/main "HTTP/1.1 200 OK"
[2026-04-17 02:03:24,789] 1025 httpx - INFO - HTTP Request: POST https://huggingface.co/api/models/Fyiras/network-security-model/commit/main "HTTP/1.1 200 OK"
[2026-04-17 02:03:24,792] 107 root - INFO - Deleted empty final_model folder
[2026-04-17 02:03:24,792] 109 root - INFO - Model version 20260417_020304 pushed to HuggingFace successfully
[2026-04-17 02:03:25,067] 1025 httpx - INFO - HTTP Request: HEAD https://huggingface.co/Fyiras/network-security-model/resolve/main/latest.json "HTTP/1.1 307 Temporary Redirect"
[2026-04-17 02:03:25,234] 1025 httpx - INFO - HTTP Request: HEAD https://huggingface.co/api/resolve-cache/models/Fyiras/network-security-model/f26a706da04319f296f3768d4d38666e258e2dec/latest.json "HTTP/1.1 200 OK"
[2026-04-17 02:03:25,418] 1025 httpx - INFO - HTTP Request: GET https://huggingface.co/api/resolve-cache/models/Fyiras/network-security-model/f26a706da04319f296f3768d4d38666e258e2dec/latest.json "HTTP/1.1 200 OK"
[2026-04-17 02:03:25,604] 1025 httpx - INFO - HTTP Request: HEAD https://huggingface.co/Fyiras/network-security-model/resolve/main/model_20260417_020304.pkl "HTTP/1.1 302 Found"
[2026-04-17 02:03:25,769] 1025 httpx - INFO - HTTP Request: GET https://huggingface.co/api/models/Fyiras/network-security-model/xet-read-token/f26a706da04319f296f3768d4d38666e258e2dec "HTTP/1.1 200 OK"
[2026-04-17 02:03:26,610] 1025 httpx - INFO - HTTP Request: HEAD https://huggingface.co/Fyiras/network-security-model/resolve/main/latest.json "HTTP/1.1 307 Temporary Redirect"
[2026-04-17 02:03:26,671] 1025 httpx - INFO - HTTP Request: HEAD https://huggingface.co/api/resolve-cache/models/Fyiras/network-security-model/f26a706da04319f296f3768d4d38666e258e2dec/latest.json "HTTP/1.1 200 OK"
[2026-04-17 02:03:26,843] 1025 httpx - INFO - HTTP Request: HEAD https://huggingface.co/Fyiras/network-security-model/resolve/main/model_20260417_020304.pkl "HTTP/1.1 302 Found"
[2026-04-17 02:03:30,231] 1025 httpx - INFO - HTTP Request: HEAD https://huggingface.co/Fyiras/network-security-model/resolve/main/preprocessor_20260417_020304.pkl "HTTP/1.1 302 Found"
[2026-04-17 02:03:30,377] 1025 httpx - INFO - HTTP Request: HEAD https://huggingface.co/Fyiras/network-security-model/resolve/main/preprocessor_20260417_020304.pkl "HTTP/1.1 302 Found"
[2026-04-17 02:04:01,640] 1025 httpx - INFO - HTTP Request: HEAD https://huggingface.co/Fyiras/network-security-model/resolve/main/latest.json "HTTP/1.1 307 Temporary Redirect"
[2026-04-17 02:04:01,690] 1025 httpx - INFO - HTTP Request: HEAD https://huggingface.co/api/resolve-cache/models/Fyiras/network-security-model/f26a706da04319f296f3768d4d38666e258e2dec/latest.json "HTTP/1.1 200 OK"
[2026-04-17 02:04:31,981] 1025 httpx - INFO - HTTP Request: HEAD https://huggingface.co/Fyiras/network-security-model/resolve/main/latest.json "HTTP/1.1 307 Temporary Redirect"
[2026-04-17 02:04:32,029] 1025 httpx - INFO - HTTP Request: HEAD https://huggingface.co/api/resolve-cache/models/Fyiras/network-security-model/f26a706da04319f296f3768d4d38666e258e2dec/latest.json "HTTP/1.1 200 OK"
[2026-04-17 02:05:02,393] 1025 httpx - INFO - HTTP Request: HEAD https://huggingface.co/Fyiras/network-security-model/resolve/main/latest.json "HTTP/1.1 307 Temporary Redirect"
[2026-04-17 02:05:02,440] 1025 httpx - INFO - HTTP Request: HEAD https://huggingface.co/api/resolve-cache/models/Fyiras/network-security-model/f26a706da04319f296f3768d4d38666e258e2dec/latest.json "HTTP/1.1 200 OK"
